>human
Count:
33587 32469 31238 29702 27789 25683 23574 21564 19605 17701 15746 13689 11173 7733 2432 43 
30954 29951 28826 27394 25661 23780 21908 20081 18276 16523 14718 12765 10438 7225 2221 32 
28540 27624 26579 25310 23752 22062 20388 18744 17191 15627 13945 12100 9892 6821 2053 28 
26503 25669 24694 23623 22256 20735 19238 17710 16274 14841 13259 11484 9388 6441 1889 27 
24768 24014 23150 22178 20925 19549 18198 16756 15401 14069 12548 10824 8797 5983 1730 26 
23116 22476 21703 20816 19727 18508 17293 15960 14697 13413 11970 10273 8296 5569 1565 26 
21805 21258 20562 19779 18790 17679 16553 15325 14113 12893 11512 9871 7950 5275 1459 25 
20720 20219 19610 18891 17979 16959 15912 14757 13589 12404 11070 9472 7593 4972 1342 24 
19633 19182 18645 18008 17192 16265 15293 14206 13091 11973 10696 9133 7321 4729 1261 24 
18662 18251 17752 17163 16398 15559 14640 13621 12568 11528 10328 8823 7054 4515 1208 24 
17827 17461 17024 16486 15771 14970 14098 13098 12086 11106 9943 8500 6755 4278 1153 24 
17074 16745 16345 15859 15189 14446 13626 12654 11658 10711 9606 8202 6493 4070 1100 24 
16431 16119 15742 15295 14675 13985 13182 12264 11312 10366 9296 7931 6254 3895 1045 24 
15841 15544 15208 14783 14207 13542 12779 11895 10966 10043 9010 7696 6051 3755 1011 24 
15277 15004 14682 14281 13747 13109 12379 11528 10640 9738 8761 7478 5855 3630 983 24 
14752 14481 14185 13816 13320 12724 12032 11199 10349 9473 8511 7263 5672 3482 946 24 
14246 13993 13711 13385 12917 12350 11715 10900 10064 9220 8285 7075 5513 3362 919 24 
13735 13503 13238 12916 12477 11957 11364 10574 9764 8948 8044 6873 5345 3245 896 24 
13219 13003 12756 12459 12061 11584 11029 10280 9476 8691 7824 6682 5179 3129 872 24 
12795 12592 12362 12083 11714 11268 10747 10028 9263 8497 7662 6542 5063 3051 851 24 
12261 12066 11837 11573 11231 10805 10338 9685 8984 8249 7438 6348 4904 2947 830 24 
11832 11648 11433 11184 10865 10468 10036 9411 8746 8027 7227 6173 4757 2851 812 24 
11512 11336 11130 10900 10587 10214 9799 9190 8555 7861 7093 6067 4666 2798 796 24 
11168 11004 10819 10603 10309 9957 9570 8988 8366 7687 6942 5937 4567 2735 790 24 
10881 10729 10562 10363 10079 9749 9375 8814 8211 7559 6831 5854 4504 2683 780 24 
10577 10446 10292 10104 9832 9512 9148 8604 8016 7391 6679 5720 4392 2611 764 24 
10291 10176 10033 9850 9584 9275 8915 8386 7811 7207 6522 5594 4278 2541 746 24 
Average length:
1.7981957304909637 1.8601127229049248 1.9334144311415584 2.033398424348529 2.1733779553060564 2.3515944399018807 2.56197505726648 2.800779076238175 3.0806426931905126 3.4120106208688776 3.8356407976628986 4.412009642778874 5.4055311912646555 7.810164231216863 24.83388157894737 1404.5581395348838 
1.9511533242876526 2.0164936062234986 2.0951918406993686 2.204716361246988 2.353610537391372 2.5397813288477713 2.756801168522914 3.0076191424729846 3.304661851608667 3.6552684137263207 4.103546677537709 4.731374853113984 5.786165932170914 8.359307958477508 27.193156235929763 1887.375 
2.116187806587246 2.186359687228497 2.2723202528311823 2.3862504938759383 2.5427753452340855 2.7375577916779985 2.9623307828134195 3.2221510883482716 3.5132336687801757 3.864849299289691 4.331014700609537 4.991404958677686 6.105539830165791 8.854420172995162 29.418412079883097 2157.0 
2.2788363581481343 2.352877011180802 2.445776301935693 2.5566608813444525 2.7136951833213514 2.9127562093079336 3.1394115812454517 3.410276679841897 3.7111957723976894 4.06953709318779 4.55509465268874 5.25914315569488 6.433319130805283 9.376804843968328 31.972472207517203 2236.8888888888887 
2.438468992248062 2.515032897476472 2.6088984881209503 2.7232392460997383 2.8863082437275986 3.089467491943322 3.3188262446422683 3.604440200525185 3.9215635348354003 4.292842419503874 4.813197322282435 5.5798226164079825 6.865522337160396 10.094601370549892 34.91098265895954 2322.923076923077 
2.612735767433812 2.6871329418045917 2.7828410818780815 2.901421983089931 3.061590713235667 3.263237518910741 3.4925114208061063 3.7842105263157895 4.109410083690549 4.5027957951241335 5.045614035087719 5.879100554852526 7.2801350048216005 10.845035015263063 38.591693290734824 2322.923076923077 
2.769823434991974 2.8410951171323737 2.937262912168077 3.053541635067496 3.214262905800958 3.4162565755981675 3.648643750377575 3.941011419249592 4.27945865514065 4.684402388893198 5.246351633078527 6.118529024414953 7.596981132075472 11.449478672985782 41.39547635366689 2415.84 
2.9148648648648647 2.98709134972056 3.0798572157062725 3.1970779736382404 3.359252461204739 3.5612948876702637 3.795625942684766 4.092701768652165 4.444477150636544 4.8690744920993225 5.455826558265582 6.376266891891892 7.954168312919794 12.14722445695897 45.00447093889717 2516.5 
3.0762491723119236 3.14857679074132 3.239259855189059 3.3538427365615284 3.513029315960912 3.7132493083307714 3.949257830379912 4.251443052231451 4.613551294782675 5.0443497870207965 5.646596858638744 6.612942078178036 8.249692664936484 12.771410446183125 47.89532117367169 2516.5 
3.2363090772693175 3.3091885376143773 3.4022082018927446 3.518965215871351 3.6831320892791806 3.8817404717526833 4.1254098360655735 4.434035680199692 4.805537873965627 5.239070090215129 5.847792408985283 6.845290717443047 8.56195066628863 13.376744186046512 49.996688741721854 2516.5 
3.3878947663656254 3.458908424488861 3.5476973684210527 3.6634720368797766 3.829560585885486 4.034468937875752 4.284011916583912 4.61108566193312 4.997186827734569 5.438141545110751 6.0742230715075936 7.105411764705883 8.940932642487047 14.11781206171108 52.381613183000866 2516.5 
3.537308187888017 3.6068080023887727 3.6950749464668093 3.808310738381991 3.9762986371716376 4.1808112972449125 4.432408630559225 4.772878141299194 5.180648481729285 5.638689198020726 6.287320424734541 7.36356986100951 9.301709533343601 14.83931203931204 54.905454545454546 2516.5 
3.675734891363885 3.746882560952913 3.83661542370728 3.948741418764302 4.11557069846678 4.318627100464783 4.581702321347292 4.924657534246576 5.339108910891089 5.826355392629751 6.496987951807229 7.615180935569285 9.657179405180685 15.506033376123234 57.79521531100478 2516.5 
3.8126380910296067 3.8854863612969637 3.971330878485008 4.085503619021849 4.251143802350954 4.459902525476296 4.726191407778386 5.077427490542244 5.507568849170163 6.013740914069501 6.703218645948946 7.847713097713098 9.98116013882003 16.08415446071904 59.73887240356083 2516.5 
3.9533939909668128 4.025326579578779 4.113608500204331 4.22911560815069 4.393394922528552 4.607216416202609 4.878907827772841 5.239070090215129 5.676315789473684 6.202094886013555 6.8937335920557015 8.076491040385129 10.315286080273271 16.63801652892562 61.440488301119025 2516.5 
4.094088937093275 4.170706442925212 4.257737046175538 4.371453387376954 4.534234234234234 4.746620559572461 5.019614361702128 5.392981516206804 5.835926176442168 6.3755937928850415 7.096228410292563 8.315572077653862 10.648095909732017 17.345203905801263 63.84355179704017 2516.5 
4.239505826196827 4.3161580790395195 4.40493034789585 4.512215166230855 4.675698691646668 4.8903643724696355 5.155441741357234 5.540917431192661 6.001192368839428 6.550542299349241 7.289800844900422 8.536537102473499 10.955196807545802 17.96430696014277 65.71926006528835 2516.5 
4.397233345467783 4.472783825816485 4.562320592234476 4.676060699907092 4.840586679490262 5.051099774190851 5.31467793030623 5.711745791564214 6.1855796804588286 6.749664729548503 7.508204873197414 8.787429070274989 11.29953227315248 18.612018489984592 67.40625 2516.5 
4.568878129964445 4.644774282857802 4.734713076199435 4.847580062605346 5.007544979686593 5.213743093922652 5.476108441381812 5.875097276264592 6.373575348248206 6.949257852951329 7.719325153374233 9.038611194253217 11.661710754972002 19.302013422818792 69.26146788990826 2516.5 
4.720281359906213 4.796378653113088 4.885617214043035 4.998427542828768 5.155881850776848 5.359957401490948 5.619800874662697 6.022736338252892 6.520133865918169 7.107920442509121 7.882537196554424 9.232039131763987 11.928895911514912 19.795476892822027 70.97062279670975 2516.5 
4.925862490824565 5.005469915464943 5.102306327616795 5.218698695238918 5.377615528448046 5.589634428505321 5.8421358096343585 6.236035105833763 6.7226179875333925 7.321614741180749 8.119924710943803 9.514177693761814 12.315660685154976 20.494061757719717 72.76626506024097 2516.5 
5.104462474645031 5.185096153846154 5.282602991340855 5.400214592274678 5.558766682006443 5.76958349254872 6.017935432443204 6.4175964297099135 6.90555682597759 7.524106141771521 8.356994603569946 9.783897618661914 12.696237124237966 21.184145913714485 74.37931034482759 2516.5 
5.246351633078527 5.327805222300635 5.426415094339623 5.540917431192661 5.704732218758855 5.913060505188956 6.163486070007144 6.571926006528836 7.059731151373466 7.682991985752449 8.514873819258424 9.95483764628317 12.943849121303042 21.58541815582559 75.87437185929649 2516.5 
5.407951289398281 5.488549618320611 5.5824013309917735 5.696123738564557 5.858570181394898 6.065682434468213 6.310971786833856 6.719626168224299 7.219220655032274 7.856901261870691 8.700086430423509 10.172814552804446 13.22443617254215 22.082632541133457 76.4506329113924 2516.5 
5.550592776399228 5.629229191909777 5.7182351827305435 5.828042072758854 5.992261137017561 6.195096933018771 6.44224 6.852280462899932 7.3554987212276215 7.9899457600211665 8.841458058849364 10.317048172189956 13.409413854351687 22.510622437569886 77.43076923076923 2516.5 
5.71012574454004 5.781734635267088 5.868247182277497 5.977434679334917 6.14279902359642 6.3494533221194285 6.6020988194140795 7.019525801952581 7.5344311377245505 8.171560005411987 9.042671058541698 10.558741258741259 13.751366120218579 23.1313672922252 79.05235602094241 2516.5 
5.868817413273734 5.935141509433962 6.019734874912788 6.131573604060914 6.301752921535893 6.511698113207547 6.774649467190129 7.202003338898163 7.7321725771348095 8.380185930345498 9.26034958601656 10.796567751161959 14.11781206171108 23.768595041322314 80.95978552278821 2516.5 
>gorilla
Count:
17037 16555 16000 15329 14515 13503 12414 11450 10465 9480 8444 7306 5940 4141 1329 27 
15828 15372 14865 14260 13465 12529 11538 10679 9757 8855 7860 6748 5446 3731 1088 25 
14635 14208 13755 13193 12423 11586 10700 9931 9148 8302 7361 6266 4993 3356 880 24 
13632 13227 12817 12316 11636 10890 10071 9342 8613 7801 6871 5812 4602 3009 739 24 
12794 12434 12054 11588 10961 10273 9536 8847 8138 7339 6405 5339 4154 2608 577 24 
11970 11655 11331 10922 10340 9732 9075 8424 7731 6934 6031 4902 3718 2220 452 24 
11322 11039 10742 10385 9855 9285 8687 8061 7376 6604 5706 4580 3409 1964 380 24 
10791 10547 10283 9940 9440 8893 8319 7728 7045 6281 5377 4232 3097 1705 331 24 
10236 10027 9800 9479 9018 8525 7994 7439 6743 5978 5096 3935 2841 1529 295 24 
9762 9559 9327 9020 8595 8138 7631 7095 6428 5683 4825 3670 2592 1343 260 24 
9295 9118 8903 8619 8219 7796 7324 6785 6128 5403 4549 3401 2354 1173 230 24 
8905 8749 8544 8267 7886 7482 7029 6507 5869 5155 4311 3188 2164 1049 202 24 
8561 8426 8226 7955 7602 7225 6782 6280 5657 4925 4105 3010 1987 937 183 24 
8245 8113 7924 7675 7337 6969 6537 6042 5436 4710 3891 2831 1825 842 166 24 
7932 7813 7632 7389 7069 6718 6302 5821 5235 4514 3712 2662 1673 752 147 24 
7649 7532 7359 7137 6850 6502 6090 5613 5025 4307 3502 2472 1519 675 134 24 
7364 7250 7085 6877 6611 6278 5878 5391 4795 4089 3291 2296 1374 569 117 24 
7073 6956 6804 6597 6352 6046 5654 5189 4605 3906 3118 2137 1253 504 108 24 
6794 6691 6545 6349 6112 5822 5432 4982 4404 3725 2970 2001 1149 448 97 24 
6538 6430 6290 6105 5881 5615 5244 4798 4225 3552 2816 1878 1078 414 90 24 
6242 6139 6011 5841 5617 5358 5016 4597 4050 3385 2669 1761 980 367 82 24 
5996 5895 5771 5604 5401 5152 4833 4434 3901 3237 2533 1656 902 327 74 24 
5814 5717 5600 5440 5235 4986 4683 4280 3751 3107 2413 1561 828 286 62 24 
5635 5543 5438 5283 5085 4837 4540 4146 3619 2973 2298 1463 760 253 59 24 
5469 5379 5275 5126 4941 4699 4403 4009 3479 2851 2182 1387 692 219 52 24 
5272 5192 5090 4942 4760 4521 4238 3850 3314 2704 2058 1289 633 190 48 24 
5101 5026 4924 4786 4609 4370 4090 3700 3165 2564 1941 1196 566 162 41 24 
Average length:
1.6942536831601809 1.743581999395953 1.8040625 1.8830321612629657 1.9886324491904925 2.1376731096793304 2.325197357821814 2.520960698689956 2.758241758241758 3.044831223628692 3.4184036001894835 3.9508623049548315 4.859427609427609 6.970538517266361 21.71933784800602 1069.0740740740741 
1.8236669193833712 1.8777647671090294 1.9418096199125463 2.024193548387097 2.143705904196064 2.303855056269455 2.50173340266944 2.7029684427380842 2.9583888490314645 3.25974025974026 3.672391857506361 4.277563722584469 5.300220345207491 7.736531760922005 26.530330882352942 1154.6 
1.9723266142808336 2.0316019144144146 2.098509632860778 2.1879026756613356 2.323512839088787 2.4913688934921456 2.697663551401869 2.9065552310945524 3.155334499344119 3.4768730426403276 3.9213422089390026 4.6066070858601975 5.781093530943321 8.601013110846246 32.80113636363637 1202.7083333333333 
2.117444248826291 2.1822786724124894 2.252087071857689 2.343699253004222 2.48066345823307 2.650596877869605 2.8661503326382682 3.0898094626418326 3.3513293858121442 3.700166645301884 4.20098966671518 4.966448726772195 6.272272924815297 9.592888002658691 39.0595399188092 1202.7083333333333 
2.2561356886040334 2.3214572945150396 2.3946407831425254 2.4909389023127373 2.6334276069701668 2.8097926603718486 3.0269505033557045 3.2626879168079577 3.5469402801671173 3.933097152200572 4.506635441061671 5.406443154148717 6.94872412132884 11.06786809815951 50.02599653379549 1202.7083333333333 
2.4114452798663324 2.4766194766194767 2.547436236872297 2.642830983336385 2.791586073500967 2.9659884915741883 3.180716253443526 3.426519468186135 3.733669641702238 4.162820882607441 4.786105123528436 5.888412892696858 7.763582571274879 13.002252252252251 63.860619469026545 1202.7083333333333 
2.549461225931814 2.6148201829875894 2.6871159932973376 2.779489648531536 2.928970065956367 3.1087775982767907 3.322781167261425 3.580821238059794 3.9133676789587852 4.3708358570563295 5.0587101296880475 6.3024017467248905 8.467292461132297 14.697046843177189 75.96052631578948 1202.7083333333333 
2.6749142804188675 2.7367971935147435 2.8070601964407276 2.903923541247485 3.0577330508474576 3.245811312268076 3.469768000961654 3.7351190476190474 4.097232079488999 4.5956057952555325 5.368235075320811 6.820652173913044 9.320309977397482 16.929618768328446 87.20543806646526 1202.7083333333333 
2.8199491989058227 2.878727435923008 2.945408163265306 3.0451524422407426 3.200820581060102 3.385923753665689 3.6108331248436327 3.8802258368060225 4.280735577636067 4.8285379725660755 5.664246467817897 7.335451080050826 10.160154875043999 18.878351863963374 97.84745762711864 1202.7083333333333 
2.9568735914771564 3.0196673292185374 3.0947785997641257 3.200110864745011 3.358347876672484 3.5469402801671173 3.7825973004848645 4.068357998590557 4.4905102675793405 5.079183529825796 5.9823834196891195 7.8651226158038146 11.136188271604938 21.492926284437825 111.01923076923077 1202.7083333333333 
3.1054330285099514 3.165716165825839 3.242165562170055 3.348996403295046 3.5119844263292372 3.702539763981529 3.941152375750956 4.254237288135593 4.710345953002611 5.342402369054229 6.345350626511321 8.487209644222288 12.262107051826678 24.607843137254903 125.5 1202.7083333333333 
3.241437394722066 3.299234198194079 3.378394194756554 3.491593080924156 3.660284047679432 3.8579256883186313 4.106558543178261 4.435992008606116 4.918214346566707 5.599418040737149 6.695662259336581 9.05426599749059 13.338724584103511 27.516682554814107 142.8960396039604 1202.7083333333333 
3.3716855507534165 3.4257061476382624 3.5089958667639194 3.6285355122564424 3.7970270981320704 3.9951557093425607 4.2561191388970805 4.596337579617835 5.1025278416121616 5.860913705583756 7.0316686967113275 9.58970099667774 14.526925012581781 30.805763073639273 157.73224043715848 1202.7083333333333 
3.5009096422073984 3.5578700850486875 3.642730943967693 3.7609120521172636 3.9341692789968654 4.141914191419142 4.415634082912651 4.7773915921880175 5.309970566593083 6.128450106157112 7.41840143921871 10.19604380077711 15.816438356164383 34.28147268408551 173.8855421686747 1202.7083333333333 
3.6390569843671203 3.6944835530526046 3.782101677148847 3.9064826092840708 4.083321544772953 4.29666567430783 4.58029197080292 4.958769970795396 5.513849092645654 6.394550287992911 7.776131465517241 10.84335086401202 17.25343693962941 38.3843085106383 196.36054421768708 1202.7083333333333 
3.773695907961825 3.832315454062666 3.922407935860851 4.044416421465602 4.213868613138686 4.43940326053522 4.739737274220033 5.142526278282558 5.744278606965175 6.701880659391688 8.242432895488292 11.67677993527508 19.002633311389072 42.762962962962966 215.41044776119404 1202.7083333333333 
3.9197447039652364 3.9813793103448276 4.074100211714891 4.197324414715719 4.366207835425805 4.597801847722205 4.910683906090507 5.354294194027082 6.019812304483837 7.059183174370261 8.7708903068976 12.571864111498257 21.0080058224163 50.72934973637961 246.7094017094017 1202.7083333333333 
4.081012300296904 4.1496549741230595 4.242357436801881 4.375473700166743 4.544238035264484 4.77423089646047 5.105235231694376 5.562728849489305 6.268186753528773 7.389912954429083 9.257536882617062 13.507253158633599 23.036711891460495 57.2718253968254 267.26851851851853 1202.7083333333333 
4.248601707388873 4.314003885816769 4.410236822001528 4.546385257520869 4.7226767015706805 4.957918241154243 5.313880706921944 5.793857888398233 6.554268846503179 7.748993288590604 9.718855218855218 14.425287356321839 25.121845082680593 64.43080357142857 297.5773195876289 1202.7083333333333 
4.414958702967268 4.489113530326594 4.589030206677266 4.728091728091728 4.908178881142663 5.140694568121104 5.504385964912281 6.016048353480617 6.831952662721894 8.126407657657658 10.250355113636363 15.370074547390841 26.77643784786642 69.72222222222223 320.72222222222223 1202.7083333333333 
4.62431912848446 4.701905847857957 4.802029612377308 4.941790789248416 5.138864162364252 5.3872713699141475 5.754585326953748 6.279095061996954 7.12716049382716 8.527326440177253 10.814911952041964 16.391254968767747 29.45408163265306 78.65122615803814 352.0121951219512 1202.7083333333333 
4.8140426951300865 4.896522476675148 5.001732801940738 5.150785153461813 5.344380670246251 5.602678571428571 5.972480860749017 6.509923319801533 7.399384773135093 8.917207290701267 11.395578365574417 17.430555555555557 32.00110864745011 88.27217125382263 390.06756756756755 1202.7083333333333 
4.964740282077743 5.048976736050376 5.154464285714286 5.306066176470588 5.513849092645654 5.789209787404733 6.163783899209908 6.744158878504673 7.695281258331112 9.290312198261988 11.962287608785743 18.491351697629725 34.861111111111114 100.92657342657343 465.56451612903226 1202.7083333333333 
5.122448979591836 5.20746887966805 5.308017653549099 5.463751656255916 5.6764995083579155 5.967541864792227 6.357929515418502 6.962132175590931 7.975960210002763 9.70904809956273 12.560922541340297 19.730006835269993 37.98026315789474 114.0909090909091 489.23728813559325 1202.7083333333333 
5.277930151764491 5.36623907789552 5.472037914691943 5.631096371439719 5.84193483100587 6.1427963396467335 6.555757438110379 7.200049887752557 8.296924403564242 10.12451771308313 13.228689275893675 20.811103100216293 41.71242774566474 131.80365296803652 555.0961538461538 1202.7083333333333 
5.475151745068286 5.559514637904468 5.670923379174853 5.840752731687576 6.064075630252101 6.384649413846494 6.810995752713544 7.497402597402598 8.710018105009052 10.674926035502958 14.02575315840622 22.3933281613654 45.60031595576619 151.92105263157896 601.3541666666666 1202.7083333333333 
5.658694373652225 5.743135694389176 5.862103980503655 6.0311324697033015 6.26274679973964 6.605263157894737 7.057457212713937 7.801351351351351 9.120063191153239 11.257800312012481 14.87120041215868 24.134615384615383 50.99823321554771 178.179012345679 704.0243902439024 1202.7083333333333 
>chimp
Count:
16878 16456 15981 15392 14669 13767 12863 12036 11152 10167 9103 8023 6688 4832 1701 32 
15727 15347 14880 14328 13651 12850 11996 11218 10411 9508 8528 7480 6221 4443 1463 27 
14667 14310 13887 13394 12773 12031 11264 10574 9844 9038 8104 7075 5851 4100 1251 27 
13773 13435 13054 12622 12064 11406 10690 10022 9338 8568 7662 6640 5446 3729 1022 25 
12998 12695 12359 11960 11442 10820 10174 9547 8882 8157 7264 6265 5080 3365 822 25 
12310 12045 11732 11357 10899 10329 9760 9149 8518 7817 6950 5949 4785 3080 684 25 
11705 11482 11202 10874 10466 9939 9416 8830 8215 7539 6688 5716 4559 2883 590 25 
11227 11023 10787 10478 10065 9577 9081 8501 7898 7225 6411 5447 4320 2677 528 25 
10728 10544 10325 10043 9671 9222 8757 8198 7628 6978 6188 5235 4131 2497 474 25 
10259 10083 9880 9619 9268 8874 8433 7903 7350 6719 5978 5050 3952 2345 436 25 
9902 9752 9557 9299 8960 8581 8157 7650 7107 6503 5787 4873 3777 2193 393 25 
9530 9396 9224 8986 8660 8301 7899 7413 6871 6296 5590 4692 3613 2059 349 25 
9221 9102 8923 8706 8401 8048 7646 7180 6652 6084 5409 4537 3467 1941 332 25 
8913 8801 8629 8421 8127 7783 7402 6957 6443 5879 5221 4377 3317 1836 309 25 
8618 8509 8359 8162 7868 7541 7175 6745 6243 5689 5068 4234 3183 1730 287 25 
8330 8226 8084 7908 7634 7321 6966 6556 6074 5532 4910 4096 3056 1651 266 25 
8092 7991 7857 7700 7431 7143 6796 6410 5937 5396 4777 3972 2956 1560 247 25 
7840 7740 7610 7456 7199 6928 6596 6226 5761 5224 4618 3830 2820 1456 234 25 
7586 7493 7376 7222 6980 6719 6410 6051 5596 5073 4485 3703 2706 1385 222 25 
7353 7270 7160 7020 6806 6562 6259 5916 5477 4957 4376 3607 2623 1324 211 25 
7065 6982 6882 6742 6539 6313 6041 5737 5329 4815 4239 3481 2525 1258 203 25 
6845 6765 6665 6524 6325 6105 5857 5578 5184 4686 4115 3377 2430 1199 190 25 
6671 6601 6504 6367 6177 5964 5724 5457 5070 4579 4028 3294 2355 1149 183 25 
6508 6442 6348 6211 6036 5827 5593 5331 4960 4468 3934 3203 2291 1108 174 25 
6367 6298 6206 6072 5907 5708 5482 5222 4860 4382 3857 3142 2239 1069 169 25 
6203 6140 6046 5924 5760 5565 5354 5105 4745 4278 3762 3062 2171 1025 164 25 
6053 5989 5901 5781 5626 5439 5225 4982 4633 4176 3667 2982 2096 976 160 25 
Average length:
1.5898803175731722 1.63065143412737 1.6791189537575872 1.743373180873181 1.8292998841093462 1.9491537735163798 2.086138536888751 2.2294782319707545 2.4062051649928264 2.639323300875381 2.947819400197737 3.344634176741867 4.01226076555024 5.5533940397351 15.775426219870665 838.5625 
1.706237680422204 1.7484850459373167 1.8033602150537635 1.8728364042434393 1.9657167973042269 2.088249027237354 2.236912304101367 2.392048493492601 2.57746614158102 2.8222549432057216 3.146575984990619 3.587433155080214 4.313454428548465 6.03961287418411 18.341763499658235 993.8518518518518 
1.829549328424354 1.875192173305381 1.9323107942680204 2.0034343736001197 2.1008377045329993 2.230404787631951 2.3822798295454546 2.537734064686968 2.7259244209670865 2.969019694622704 3.3112043435340572 3.792791519434629 4.586224576995385 6.544878048780488 21.450039968025578 993.8518518518518 
1.9483046540332534 1.9973204317082247 2.055615137122721 2.125970527650135 2.2243037135278514 2.352621427318955 2.510196445275959 2.677509479145879 2.873634611265796 3.1318860877684407 3.502218741842861 4.041265060240963 4.927286081527726 7.196031107535532 26.256360078277886 1073.36 
2.0644714571472536 2.1137455691217015 2.171211263047172 2.2436454849498326 2.345219367243489 2.4800369685767096 2.6375073717318656 2.8107258824761705 3.0211664039630715 3.289689836949859 3.6941079295154187 4.283160415003991 5.282283464566929 7.97444279346211 32.64476885644769 1073.36 
2.1798537774167346 2.227812370278124 2.2872485509717015 2.362771858765519 2.462060739517387 2.5979281634233713 2.7493852459016392 2.932998141873429 3.150270016435783 3.432774721760266 3.8610071942446043 4.510674062867709 5.607941483803553 8.712337662337662 39.23099415204678 1073.36 
2.292524562152926 2.337049294547988 2.395465095518657 2.467721169762737 2.5639212688706285 2.6998692021330113 2.8498300764655906 3.0389580973952435 3.26646378575776 3.559358005040456 4.01226076555024 4.694541637508747 5.88593989910068 9.30766562608394 45.48135593220339 1073.36 
2.390130934354681 2.4343645105688108 2.487623991842032 2.5609849207864097 2.6660705414803774 2.801921269708677 2.954960907389054 3.1565698153158452 3.3975690048113445 3.7140484429065745 4.185618468257682 4.926381494400587 6.211574074074074 10.023907358983937 50.821969696969695 1073.36 
2.5013049962714393 2.5449544764795142 2.5989346246973364 2.6719107836303895 2.774687209182091 2.9097809585773153 3.0642914240036543 3.2732373749695047 3.5178290508652332 3.8455144740613356 4.3364576599870714 5.125883476599809 6.495763737593803 10.746495794953944 56.61181434599156 1073.36 
2.6156545472268253 2.6613111177229 2.7159919028340083 2.7896870776588 2.8953388001726372 3.0238900157764257 3.1820230048618523 3.395419460964191 3.6508843537414966 3.9937490698020537 4.488792238206758 5.313663366336634 6.78997975708502 11.443070362473348 61.54587155963303 1073.36 
2.7099575843263985 2.7516406890894176 2.8077848697289944 2.885686632971287 2.9948660714285715 3.127141358815989 3.289689836949859 3.5077124183006534 3.7757140847052204 4.126403198523758 4.63694487644721 5.506669402831931 7.104580354778925 12.236206110351118 68.27989821882952 1073.36 
2.8157397691500523 2.8558961260110687 2.9091500433651345 2.9862007567326954 3.0986143187066975 3.232622575593302 3.3971388783390304 3.619857007958991 3.9053995051666424 4.262071156289708 4.800357781753131 5.719096334185848 7.427068917796845 13.032540067994171 76.88825214899714 1073.36 
2.9100965188157466 2.948143265216436 3.007284545556427 3.082242131863083 3.194143554338769 3.334244532803181 3.509547475804342 3.737325905292479 4.033974744437763 4.410585141354372 4.960990941024219 5.914480934538241 7.739832708393424 13.824832560535807 80.82530120481928 1073.36 
3.010658588578481 3.0489717077604817 3.109746204658709 3.18655741598385 3.3018333948566507 3.447770782474624 3.6252364225884897 3.8571223228403047 4.164830048114233 4.5643816975676135 5.139628423673626 6.130683116289696 8.089840217063612 14.615468409586057 86.84142394822007 1073.36 
3.1137154792295196 3.1536020683981665 3.210192606771145 3.287674589561382 3.4105236400610064 3.5584140034478184 3.73993031358885 3.978354336545589 4.298254044529873 4.716821937071542 5.294790844514601 6.337742087860179 8.430411561420044 15.510982658959538 93.49825783972125 1073.36 
3.2213685474189675 3.262095793824459 3.319396338446314 3.3932726353060194 3.515064186533927 3.665346264171561 3.8521389606660925 4.093044539353264 4.41784655910438 4.850686912509039 5.465173116089613 6.55126953125 8.780759162303665 16.253179890975165 100.8796992481203 1073.36 
3.3161146811665843 3.3580277812539108 3.4152984599719995 3.484935064935065 3.611088682546091 3.756684866302674 3.948499117127722 4.186271450858034 4.519791140306552 4.972942920681986 5.617333054218128 6.755790533736153 9.077807848443843 17.20128205128205 108.63967611336032 1073.36 
3.422704081632653 3.4669250645994834 3.526149802890933 3.598980686695279 3.7274621475204888 3.873267898383372 4.0682231655548815 4.309990362993896 4.657871897240063 5.136676875957121 5.810740580337809 7.006266318537859 9.515602836879433 18.429945054945055 114.67521367521367 1073.36 
3.537305562878988 3.581209128519952 3.638015184381779 3.7155912489615064 3.844412607449857 3.9937490698020537 4.186271450858034 4.434638902660717 4.795210864903503 5.289572245219791 5.983054626532887 7.246556845800702 9.916481892091648 19.374729241877258 120.87387387387388 1073.36 
3.6493948048415614 3.6910591471801926 3.7477653631284915 3.8225071225071225 3.942697619747282 4.089302042060347 4.287266336475476 4.535835023664638 4.899397480372467 5.413354851724834 6.132084095063985 7.439423343498753 10.230270682424704 20.26737160120846 127.17535545023696 1073.36 
3.798159943382873 3.8433113720996848 3.899157221737867 3.9801245921091666 4.103685578834684 4.250594012355457 4.441979804668101 4.67735750392191 5.0354663163820605 5.573001038421599 6.330266572304789 7.70870439528871 10.627326732673268 21.33068362480127 132.1871921182266 1073.36 
3.9202337472607742 3.9665927568366595 4.026106526631658 4.113120784794605 4.2425296442687745 4.395413595413595 4.581526378692163 4.810684833273575 5.176311728395062 5.726419120785318 6.521020656136088 7.946106011252591 11.042798353909465 22.380316930775646 141.23157894736843 1073.36 
4.022485384500075 4.065141645205272 4.125768757687577 4.214543741165384 4.344180022664724 4.4993293091884645 4.687980433263452 4.917353857430823 5.2927021696252465 5.86023149159205 6.661866931479643 8.146326654523376 11.39447983014862 23.354221061792863 146.63387978142077 1073.36 
4.123232944068838 4.165476560074511 4.22715816005041 4.320399291579456 4.445659377070908 4.605114123905955 4.79778294296442 5.033577190020634 5.41008064516129 6.005819158460161 6.821047280122013 8.377770839837652 11.712789175032738 24.21841155234657 154.2183908045977 1073.36 
4.214543741165384 4.26071768815497 4.323880116016758 4.419301712779974 4.542745894701202 4.701121233356693 4.894928858080992 5.138644197625431 5.521399176954732 6.12368781378366 6.9572206378014 8.540420114576703 11.984814649397052 25.10196445275959 158.7810650887574 1073.36 
4.325971304207641 4.370358306188925 4.4383063182269265 4.529709655638082 4.658680555555556 4.821922731356693 5.011953679491969 5.2564152791381 5.655216016859852 6.2725572697522205 7.13290802764487 8.763553233180927 12.360202671579916 26.17951219512195 163.6219512195122 1073.36 
4.433173632909301 4.480547670729671 4.547364853414676 4.641757481404602 4.7696409527195165 4.9336275050560765 5.135693779904306 5.386190285026094 5.791927476796892 6.425766283524904 7.317698391055359 8.998658618376929 12.802480916030534 27.493852459016395 167.7125 1073.36 
>orangutan
Count:
16858 16419 15911 15270 14449 13482 12526 11689 10887 10009 9171 8194 6974 5020 826 24 
15697 15288 14817 14231 13437 12564 11724 10978 10256 9398 8610 7670 6492 4636 634 24 
14617 14219 13756 13234 12534 11728 10976 10312 9684 8912 8158 7257 6086 4258 493 24 
13651 13278 12859 12401 11791 11059 10384 9754 9151 8422 7713 6802 5668 3837 373 24 
12867 12530 12151 11725 11151 10446 9836 9214 8621 7934 7228 6376 5239 3413 260 24 
12103 11802 11466 11072 10557 9964 9410 8819 8253 7596 6889 6027 4864 3041 171 24 
11481 11207 10906 10540 10070 9552 9045 8490 7941 7292 6614 5735 4575 2762 116 24 
10955 10718 10458 10128 9692 9218 8725 8185 7637 7011 6335 5446 4302 2500 79 24 
10443 10222 9972 9663 9290 8864 8409 7907 7373 6770 6107 5226 4096 2325 71 24 
9946 9739 9506 9240 8887 8487 8047 7573 7075 6509 5869 5007 3878 2133 57 24 
9551 9373 9168 8910 8569 8179 7757 7309 6830 6280 5649 4794 3688 1958 47 24 
9204 9044 8857 8613 8295 7925 7523 7090 6605 6065 5453 4611 3508 1804 44 24 
8906 8756 8581 8350 8058 7706 7321 6904 6446 5920 5309 4471 3359 1671 39 24 
8599 8456 8303 8092 7807 7474 7109 6699 6256 5739 5142 4328 3207 1530 32 24 
8302 8164 8021 7823 7556 7243 6905 6513 6088 5576 4994 4184 3069 1407 29 24 
8036 7911 7770 7590 7330 7033 6711 6334 5914 5410 4832 4026 2920 1287 28 24 
7787 7678 7541 7371 7129 6857 6536 6167 5752 5259 4680 3876 2773 1155 26 24 
7547 7441 7313 7157 6921 6662 6358 5993 5574 5100 4539 3746 2627 1045 26 24 
7301 7201 7076 6927 6713 6470 6185 5821 5406 4941 4398 3615 2502 956 25 24 
7069 6975 6853 6712 6509 6290 6014 5670 5246 4800 4278 3502 2394 878 25 24 
6810 6718 6602 6467 6280 6070 5806 5499 5097 4651 4149 3384 2281 799 24 24 
6612 6523 6406 6280 6100 5906 5658 5365 4978 4546 4050 3281 2183 726 24 24 
6451 6362 6253 6137 5959 5771 5536 5246 4854 4438 3968 3200 2108 662 24 24 
6289 6205 6109 6000 5842 5657 5426 5136 4751 4340 3883 3119 2029 617 24 24 
6130 6050 5962 5855 5696 5522 5300 5015 4634 4235 3790 3054 1965 579 24 24 
5962 5889 5806 5701 5551 5380 5172 4889 4512 4115 3685 2969 1892 538 24 24 
5821 5754 5674 5573 5428 5262 5054 4774 4394 4005 3592 2893 1828 493 24 24 
Average length:
1.5533871159093606 1.5949205189110178 1.645842498900132 1.7149312377210215 1.812374558792996 1.942367601246106 2.090611528021715 2.2403114038839935 2.4053458252962248 2.616345289239684 2.8554138043833825 3.1958750305101296 3.7549469457986806 5.216533864541833 31.703389830508474 1091.125 
1.668280563164936 1.7129120879120878 1.7673618141324154 1.8401377274963109 1.9488725161866487 2.0842884431709647 2.233623336745138 2.3854071779923482 2.5533346333853353 2.7864439242391996 3.0414634146341464 3.4142112125162973 4.03373382624769 5.648619499568594 41.30441640378549 1091.125 
1.79154409249504 1.8416906955482102 1.9036783948822331 1.9787668127550249 2.089277166108186 2.2328615279672577 2.385841836734694 2.5394685802948023 2.7041511771995044 2.9383976660682225 3.209977935768571 3.608515915667631 4.30282615839632 6.150070455612964 53.11764705882353 1091.125 
1.9183210021243864 1.9722096701310439 2.036472509526402 2.1116845415692285 2.220931218726147 2.367935618048648 2.5218605546995376 2.684744720114825 2.8616544639930064 3.1093564473996675 3.395176973940101 3.849897089091444 4.62014820042343 6.824863174354965 70.20643431635389 1091.125 
2.0352063418046167 2.089944134078212 2.155131264916468 2.2334328358208957 2.3483992467043313 2.5068925904652497 2.662362749084994 2.8420881267636204 3.037582647024707 3.300604991177212 3.622993912562258 4.107120451693852 4.998472991028822 7.672721945502491 100.71923076923076 1091.125 
2.1636784268363214 2.218861209964413 2.2838827838827838 2.365155346820809 2.4805342426825803 2.6281613809714974 2.7828905419766206 2.9693842839324187 3.173027989821883 3.447472353870458 3.801277398751633 4.344947735191638 5.383840460526316 8.611312068398552 153.140350877193 1091.125 
2.2808988764044944 2.3366645846346032 2.4011553273427473 2.4845351043643262 2.6004965243296922 2.7415201005025125 2.8951907131011607 3.084452296819788 3.297695504344541 3.5911958310477234 3.9593286967039614 4.56617262423714 5.723934426229508 9.481173062997827 225.75 1091.125 
2.390415335463259 2.4432729986937862 2.504016064257028 2.5856042654028437 2.7019191085431284 2.840854849208071 3.001375358166189 3.1993891264508245 3.4289642529789184 3.735130509199829 4.133701657458563 4.808483290488432 6.087168758716876 10.4748 331.4810126582278 1091.125 
2.5076127549554728 2.5618274310311095 2.6260529482551145 2.710027941633033 2.818837459634015 2.9543095667870034 3.114163396361042 3.311875553307196 3.5517428455174285 3.8680945347119646 4.288030129359751 5.010907003444317 6.393310546875 11.263225806451613 368.83098591549293 1091.125 
2.6329177558817616 2.6888797617825237 2.7547864506627393 2.834090909090909 2.946663666029031 3.0855425945563804 3.2542562445631913 3.457942691139575 3.7013427561837458 4.023198648025811 4.461918555120123 5.230077890952666 6.752707581227437 12.277074542897328 459.42105263157896 1091.125 
2.7418071406135485 2.7938760268857354 2.856348167539267 2.939057239057239 3.0560158711634964 3.2017361535640054 3.3759185252030424 3.5828430701874403 3.8341142020497805 4.169904458598726 4.635687732342007 5.462453066332916 7.100596529284165 13.374361593462718 557.1702127659574 1091.125 
2.8451760104302477 2.8955108359133126 2.9566444620074517 3.04040404040404 3.1569620253164556 3.304353312302839 3.4809251628339757 3.693511988716502 3.9647236941710826 4.317724649629019 4.802310654685495 5.679245283018868 7.464937286202964 14.516075388026607 595.1590909090909 1091.125 
2.940377273748035 2.9907492005481955 3.051742221186342 3.136167664670659 3.249813849590469 3.3982610952504544 3.576970359240541 3.793018539976825 4.062519391870928 4.4234797297297295 4.932567338481824 5.857078953254305 7.796070259005656 15.67145421903052 671.4615384615385 1091.125 
3.045354110943133 3.0968543046357615 3.1539202697820063 3.236159169550173 3.3542974253874727 3.5037463205780037 3.6836404557603037 3.909090909090909 4.185901534526854 4.56299006795609 5.092765460910152 6.050600739371534 8.16557530402245 17.115686274509805 818.34375 1091.125 
3.154300168634064 3.2076188143067124 3.2648048871711755 3.3474370446120414 3.4657226045526732 3.6154908187215242 3.792469225199131 4.020727775218793 4.301412614980289 4.696377331420373 5.2436924309171005 6.258843212237093 8.532746823069404 18.611940298507463 903.0 1091.125 
3.258710801393728 3.310200985968904 3.3702702702702703 3.450197628458498 3.5725784447476125 3.723446608844021 3.902101028162718 4.134354278497001 4.427967534663511 4.8404805914972275 5.419495033112582 6.504470938897168 8.968150684931507 20.34731934731935 935.25 1091.125 
3.3629125465519456 3.410653816097942 3.47261636387747 3.5527065527065527 3.673306214055267 3.819017062855476 4.006578947368421 4.246311010215664 4.552677329624478 4.9794637763833425 5.595512820512821 6.756191950464396 9.443562928236567 22.672727272727272 1007.1923076923077 1091.125 
3.4698555717503643 3.5192850423330198 3.5808833584028443 3.658935308089982 3.7837017771998265 3.930801561092765 4.118748033972947 4.369597864174871 4.698062432723359 5.134705882352941 5.769332452081956 6.990656700480512 9.968405024743053 25.05933014354067 1007.1923076923077 1091.125 
3.5867689357622243 3.636578253020414 3.7008196721311477 3.7804244261585103 3.900938477580813 4.0474497681607415 4.233953112368634 4.498711561587356 4.8440621531631525 5.299939283545841 5.954297407912688 7.243983402489627 10.46642685851319 27.39225941422594 1047.48 1091.125 
3.704484368368935 3.7544086021505376 3.8212461695607765 3.901519666269368 4.023198648025811 4.163275039745628 4.354339873628201 4.618518518518519 4.991803278688525 5.455625 6.121318373071529 7.477727013135351 10.93859649122807 29.825740318906607 1047.48 1091.125 
3.8453744493392072 3.898035129502828 3.9665252953650407 4.04932735426009 4.169904458598726 4.314168039538715 4.510334137099552 4.762138570649209 5.137728075338434 5.630402064072243 6.311641359363702 7.738475177304965 11.480491012713722 32.774718397997496 1091.125 1091.125 
3.960526315789474 4.014563850988809 4.087886356540743 4.169904458598726 4.292950819672131 4.433965458855401 4.62831389183457 4.881081081081081 5.260546404178385 5.760448746150462 6.465925925925926 7.981408107284365 11.995877233165368 36.070247933884296 1091.125 1091.125 
4.05937064021082 4.116158440741905 4.187909803294419 4.267068600293303 4.394529283436818 4.5376884422110555 4.730310693641618 4.991803278688525 5.3949320148331275 5.900630914826499 6.599546370967742 8.1834375 12.422675521821631 39.55740181268882 1091.125 1091.125 
4.163937032914613 4.22030620467365 4.286626289081683 4.3645 4.482540225950017 4.629132048789111 4.8262071507556215 5.098714953271028 5.51189223321406 6.033870967741936 6.744012361576101 8.395960243667842 12.906357811729917 42.442463533225286 1091.125 1091.125 
4.271941272430669 4.328429752066116 4.3923180140892315 4.472587532023911 4.597436797752809 4.742303513219848 4.940943396226415 5.221734795613161 5.651057401812689 6.183471074380165 6.909498680738786 8.574656188605108 13.326717557251909 45.2279792746114 1091.125 1091.125 
4.3923180140892315 4.446765155374427 4.510334137099552 4.593404665848097 4.717528373266078 4.867472118959108 5.06322505800464 5.356310083861731 5.803856382978723 6.363791008505467 7.106377204884668 8.820141461771641 13.840909090909092 48.674721189591075 1091.125 1091.125 
4.498711561587356 4.5510948905109485 4.615262601339443 4.698905436928046 4.8244288872512895 4.976624857468643 5.1814404432132966 5.4853372434017595 5.959717796995903 6.538576779026217 7.2903674832962135 9.051849291393017 14.325492341356673 53.11764705882353 1091.125 1091.125 
