>rat
Count:
14491 14245 13978 13716 13430 13095 12751 12293 11678 10966 10194 9454 8187 6296 3607 30 
13739 13518 13297 13057 12810 12510 12187 11738 11148 10441 9694 8972 7806 6025 3384 25 
13106 12903 12694 12470 12232 11929 11606 11170 10634 9953 9231 8525 7435 5754 3181 24 
12498 12306 12108 11894 11677 11412 11095 10677 10169 9494 8773 8055 7045 5491 2950 22 
11963 11786 11591 11383 11177 10927 10611 10229 9736 9067 8376 7698 6763 5310 2820 22 
11485 11327 11143 10945 10759 10525 10212 9858 9382 8753 8084 7423 6512 5145 2686 21 
11048 10904 10733 10547 10384 10175 9885 9550 9080 8485 7843 7191 6296 4982 2559 21 
10642 10514 10350 10169 10009 9813 9540 9214 8747 8172 7557 6926 6077 4814 2409 21 
10268 10156 10008 9842 9686 9487 9224 8913 8444 7873 7285 6673 5850 4653 2269 21 
9929 9819 9673 9521 9378 9168 8919 8618 8149 7593 7024 6434 5628 4478 2125 21 
9572 9470 9337 9188 9056 8859 8603 8293 7850 7299 6769 6188 5433 4355 2004 21 
9257 9152 9033 8883 8760 8567 8321 8018 7581 7048 6528 5955 5234 4195 1886 21 
8954 8852 8740 8612 8476 8303 8065 7770 7351 6823 6314 5756 5049 4066 1803 21 
8666 8565 8459 8334 8197 8031 7788 7495 7076 6575 6082 5524 4828 3878 1606 21 
8429 8329 8221 8093 7960 7803 7573 7286 6862 6379 5898 5347 4660 3727 1446 21 
8201 8106 8005 7882 7746 7598 7380 7107 6695 6222 5762 5217 4548 3646 1384 21 
8007 7912 7810 7689 7559 7420 7198 6930 6515 6062 5612 5082 4437 3568 1326 21 
7812 7719 7620 7500 7375 7244 7028 6767 6362 5926 5491 4973 4342 3499 1275 21 
7616 7533 7440 7325 7205 7080 6868 6601 6210 5795 5364 4865 4245 3416 1223 21 
7412 7335 7248 7139 7020 6896 6685 6425 6047 5639 5228 4742 4141 3339 1170 21 
7226 7148 7067 6956 6844 6717 6522 6269 5906 5508 5114 4649 4064 3278 1119 21 
7032 6962 6882 6770 6664 6548 6362 6112 5749 5366 4980 4521 3947 3170 1001 21 
6866 6797 6718 6606 6505 6385 6206 5967 5622 5255 4876 4436 3875 3115 968 21 
6714 6645 6564 6459 6362 6246 6078 5841 5503 5147 4778 4349 3810 3059 929 21 
6580 6508 6431 6330 6235 6119 5957 5720 5393 5053 4695 4273 3748 3003 896 21 
6430 6362 6287 6186 6091 5979 5818 5589 5281 4959 4611 4200 3692 2952 864 21 
6286 6216 6143 6047 5957 5855 5696 5480 5173 4866 4527 4124 3624 2896 836 21 
Average length:
1.8328617762749293 1.8645138645138646 1.9001287737873802 1.9364246135899679 1.9776619508562918 2.0282550591828943 2.0829738844012233 2.160579191409745 2.274362048295941 2.4220317344519424 2.6054541887384737 2.8093928495874763 3.2441675827531453 4.2185514612452355 7.363459939007486 885.3333333333334 
1.9331829099643352 1.9647876904867585 1.9974430322629164 2.034157922953205 2.0733801717408276 2.123101518784972 2.1793714613932877 2.2627364116544557 2.3824901327592394 2.543817641988315 2.7398390757169384 2.9603209986625054 3.402510889059698 4.408298755186722 7.84869976359338 1062.4 
2.026552723943232 2.058436022630396 2.0923270836615724 2.1299117882919005 2.171353826030085 2.226506832089865 2.2884714802688264 2.377797672336616 2.4976490502162876 2.6685421480960514 2.8772614017982883 3.115542521994135 3.5722932078009415 4.615919360444908 8.34957560515561 1106.6666666666667 
2.125140022403585 2.1582967658052983 2.193591014205484 2.2330586850512866 2.27455682110131 2.3273746933052926 2.3938711131140153 2.4875901470450503 2.6118595732127052 2.7975563513798187 3.027470648580873 3.297330850403476 3.7700496806245565 4.837006009834274 9.003389830508475 1207.2727272727273 
2.2201788848950934 2.2535211267605635 2.291433008368562 2.333304049898972 2.376308490650443 2.430676306396998 2.503062859296956 2.596539251148695 2.7280197206244865 2.9293040697033197 3.170964660936008 3.4502468173551573 3.9272512198728373 5.001883239171375 9.418439716312056 1207.2727272727273 
2.3125816282107095 2.3448397633971925 2.383559185138652 2.4266788487894018 2.4686309136536853 2.5235154394299286 2.600861731296514 2.694258470277947 2.8309528885099127 3.034388209756655 3.2855022266204847 3.5780681665094973 4.078624078624078 5.162293488824101 9.88830975428146 1264.7619047619048 
2.404055032585083 2.4358033749082906 2.4746110127643717 2.5182516355361715 2.5577812018489983 2.6103194103194105 2.6868993424380374 2.781151832460733 2.9251101321585904 3.1302298173246905 3.386459263037103 3.6935057711027675 4.2185514612452355 5.331192292252108 10.379054318093004 1264.7619047619048 
2.4957714715279082 2.526155602054404 2.566183574879227 2.6118595732127052 2.653611749425517 2.706613675736268 2.7840670859538785 2.8825700021706098 3.0364696467360237 3.2501223690651004 3.5146222045785365 3.834825295986139 4.370577587625473 5.517241379310345 11.025321710253218 1264.7619047619048 
2.5866770549279314 2.615202835762111 2.653876898481215 2.6986384881121723 2.7421020028907703 2.799620533361442 2.8794449262792714 2.979916975204757 3.1454287067740405 3.373555188619332 3.645847632120796 3.98021879214746 4.54017094017094 5.708145282613367 11.705597179374173 1264.7619047619048 
2.6749924463692216 2.7049597718708625 2.745787242840897 2.7896229387669362 2.8321603753465556 2.8970331588132634 2.977912322009194 3.081921559526572 3.2592956190943676 3.4979586461214276 3.781321184510251 4.128069630090146 4.719260838663824 5.931219294327825 12.498823529411764 1264.7619047619048 
2.7747597158378605 2.8046462513199577 2.8445967655563886 2.890727035263387 2.932862190812721 2.9980810475222937 3.0872951296059514 3.2027010731942602 3.38343949044586 3.638854637621592 3.9237701285271087 4.2921784098254685 4.88864347505982 6.09873708381171 13.253493013972056 1264.7619047619048 
2.8691800799395053 2.902097902097902 2.940329901472379 2.989980862321288 3.0319634703196345 3.1002684720438896 3.191924047590434 3.312546769768022 3.503495581057908 3.76844494892168 4.068627450980392 4.460117548278757 5.074512800917081 6.33134684147795 14.08271474019088 1264.7619047619048 
2.9662720571811483 3.000451875282422 3.0389016018306636 3.0840687412912215 3.1335535630014157 3.1988437914006984 3.293242405455673 3.4182754182754183 3.6131138620595835 3.892715814157995 4.206525182134938 4.614315496872829 5.26044761338879 6.532218396458436 14.731003882418191 1264.7619047619048 
3.064851142395569 3.100992410974898 3.1398510462229576 3.1869450443964484 3.2402098328656828 3.307184659444652 3.410374935798665 3.543695797198132 3.7535330695308082 4.039543726235742 4.366984544557711 4.808110065170166 5.501242750621375 6.848891181021145 16.537982565379824 1264.7619047619048 
3.1510262190058134 3.188858206267259 3.2307505169687385 3.2818485110589397 3.336683417085427 3.4038190439574523 3.507196619569523 3.6453472412846555 3.8705916642378315 4.163662015989967 4.503221430993557 4.96727136712175 5.6995708154506435 7.1263751006171185 18.367911479944674 1264.7619047619048 
3.238629435434703 3.2765852454971625 3.3179262960649596 3.36970312103527 3.428866511747999 3.4956567517767834 3.5989159891598916 3.737160545940622 3.967139656460045 4.268723882995821 4.609510586601874 5.091048495303815 5.839929639401935 7.2846955567745475 19.190751445086704 1264.7619047619048 
3.3170975396528037 3.356926188068756 3.4007682458386683 3.45428534269736 3.513692287339595 3.579514824797844 3.6899138649624894 3.832611832611833 4.076745970836531 4.3813922797756515 4.732715609408411 5.226288862652499 5.986026594545864 7.443946188340807 20.030165912518854 1264.7619047619048 
3.3998975934459805 3.4408602150537635 3.4855643044619424 3.541333333333333 3.60135593220339 3.6664826062948648 3.7791690381331815 3.924929806413477 4.174787802577805 4.481943975700304 4.837006009834274 5.340840538910115 6.116996775679411 7.590740211488997 20.83137254901961 1264.7619047619048 
3.4873949579831933 3.5258197265365725 3.5698924731182795 3.625938566552901 3.686328938237335 3.751412429378531 3.867210250436808 4.0236327829116805 4.276972624798712 4.583261432269198 4.951528709917971 5.459403905447071 6.2567726737338045 7.775175644028103 21.71708912510221 1264.7619047619048 
3.5833783054506205 3.6209952283571916 3.664459161147903 3.7204090208712706 3.7834757834757835 3.851508120649652 3.9730740463724756 4.133852140077821 4.392260625103357 4.710054974286221 5.080336648814078 5.6010122311261075 6.413909683651292 7.954477388439653 22.700854700854702 1264.7619047619048 
3.675615831718793 3.7157246782316733 3.7583132871090985 3.818286371477861 3.880771478667446 3.95414619621855 4.072370438515793 4.2367203700749725 4.497121571283441 4.822076978939724 5.193586233867814 5.713056571305657 6.535433070866142 8.102501525320317 23.735478105451296 1264.7619047619048 
3.777019340159272 3.8149956908934213 3.8593432141819237 3.9231905465288035 3.985594237695078 4.05620036652413 4.174787802577805 4.345549738219895 4.619933901548095 4.949683190458442 5.333333333333333 5.874806458748065 6.729161388396251 8.378548895899053 26.533466533466534 1264.7619047619048 
3.8683367317215263 3.9076062968956893 3.9535576064304854 4.020587344838026 4.083013066871637 4.159749412685983 4.279729294231389 4.451147980559745 4.72429740305941 5.0542340627973354 5.447087776866284 5.987376014427412 6.854193548387097 8.526484751203853 27.43801652892562 1264.7619047619048 
3.955913017575216 3.99699021820918 4.04631322364412 4.112091655054962 4.174787802577805 4.252321485750881 4.369858506087529 4.547166581064886 4.826458295475195 5.160287546143384 5.55881121808288 6.107151069211313 6.971128608923885 8.682576005230468 28.58988159311087 1264.7619047619048 
4.036474164133739 4.081130915795944 4.12999533509563 4.195892575039495 4.259823576583801 4.3405785259029255 4.4586201107940235 4.643356643356643 4.924902651585389 5.256283396002375 5.6570820021299255 6.21577346126843 7.086446104589114 8.844488844488845 29.642857142857142 1264.7619047619048 
4.130637636080871 4.174787802577805 4.22459042468586 4.293566117038474 4.360531932359218 4.44221441712661 4.565142660708148 4.752191805331902 5.029350501798902 5.3559185319620894 5.760138798525266 6.3238095238095235 7.193932827735645 8.997289972899729 30.74074074074074 1264.7619047619048 
4.225262488068724 4.272844272844273 4.323620380921374 4.392260625103357 4.4586201107940235 4.536293766011956 4.662921348314606 4.846715328467154 5.134351440170114 5.458281956432388 5.867020101612547 6.440349175557711 7.328918322295806 9.171270718232044 31.770334928229666 1264.7619047619048 
>guinea_pig
Count:
15108 14731 14377 14032 13639 13204 12806 12366 11872 11274 10484 9315 7546 5484 2833 485 
14472 14175 13876 13588 13245 12844 12472 12049 11574 10997 10235 9081 7314 5305 2746 482 
14078 13824 13545 13267 12943 12566 12219 11812 11361 10804 10045 8899 7154 5179 2696 481 
13717 13495 13234 12974 12664 12312 11977 11573 11132 10577 9837 8722 7010 5097 2649 481 
13367 13158 12926 12679 12394 12067 11757 11369 10938 10389 9667 8551 6850 5002 2608 481 
13062 12888 12676 12441 12160 11850 11551 11170 10751 10198 9481 8398 6735 4938 2587 481 
12775 12626 12439 12211 11944 11642 11355 10989 10574 10030 9326 8245 6605 4843 2553 481 
12512 12370 12194 11982 11735 11448 11172 10819 10413 9873 9182 8116 6514 4785 2525 481 
12275 12144 11981 11781 11553 11284 11010 10658 10266 9740 9061 7999 6418 4719 2499 481 
12033 11908 11748 11561 11340 11081 10818 10476 10102 9591 8910 7862 6306 4633 2463 481 
11816 11701 11546 11369 11154 10911 10661 10330 9969 9463 8783 7754 6226 4568 2432 481 
11661 11549 11400 11236 11035 10790 10548 10217 9857 9376 8695 7669 6143 4504 2414 481 
11502 11397 11255 11092 10902 10667 10431 10097 9747 9271 8595 7583 6078 4454 2402 481 
11322 11216 11077 10921 10746 10524 10294 9975 9635 9170 8500 7505 6006 4401 2382 481 
11167 11069 10939 10786 10620 10410 10185 9874 9544 9081 8416 7431 5945 4349 2362 481 
11013 10922 10800 10656 10495 10293 10070 9762 9436 8983 8314 7340 5882 4310 2353 481 
10833 10741 10630 10487 10327 10128 9903 9610 9296 8859 8200 7247 5816 4270 2330 481 
10705 10616 10514 10379 10225 10036 9813 9523 9219 8783 8121 7173 5753 4223 2313 481 
10543 10458 10365 10238 10092 9901 9682 9410 9115 8686 8030 7098 5691 4189 2298 481 
10399 10316 10230 10108 9969 9782 9569 9308 9019 8590 7951 7027 5632 4142 2279 481 
10264 10183 10099 9989 9856 9676 9467 9215 8921 8505 7876 6952 5568 4087 2258 481 
10126 10045 9957 9856 9725 9550 9358 9113 8831 8412 7788 6854 5484 4019 2217 481 
9993 9916 9833 9743 9617 9455 9260 9024 8741 8319 7695 6772 5423 3969 2190 481 
9853 9779 9700 9611 9493 9337 9147 8921 8639 8229 7619 6700 5357 3912 2165 481 
9677 9607 9533 9449 9336 9189 9008 8792 8522 8119 7518 6611 5292 3873 2152 481 
9521 9448 9380 9298 9189 9042 8864 8667 8403 8023 7434 6532 5236 3841 2132 481 
9342 9274 9207 9127 9016 8872 8700 8507 8259 7888 7318 6428 5162 3785 2100 481 
Average length:
1.6566057717765423 1.6990021044056751 1.7408360575919872 1.7836374002280502 1.8350318938338588 1.8954862162980914 1.9543963766984227 2.0239366003558144 2.108153638814016 2.2199751640943766 2.387256772224342 2.6868491680085884 3.3167240922342964 4.563822027716995 8.834451111895516 51.60412371134021 
1.7294085129906025 1.7656437389770723 1.8036898241568176 1.8419193405946424 1.88961872404681 1.9486141388975398 2.0067350865939706 2.077184828616483 2.1624330395714533 2.2758934254796763 2.44533463605276 2.756084131703557 3.4219305441618815 4.717813383600377 9.114348142753096 51.9253112033195 
1.7778093479187385 1.810474537037037 1.847766703580657 1.886485264189342 1.9337093409565016 1.9917236988699665 2.048285457075047 2.1188621740602778 2.202975090220931 2.3165494261384674 2.491587854654057 2.812450837172716 3.498462398658093 4.832593164703611 9.283382789317507 52.03326403326403 
1.8245972151345047 1.854612819562801 1.8911893607374943 1.9290889471250192 1.976310802274163 2.032813515269656 2.0896718710862485 2.1626198911258965 2.248293208767517 2.366266427153257 2.544271627528718 2.8695253382251775 3.570328102710414 4.910339415342358 9.44809362023405 52.03326403326403 
1.8723722600433905 1.9021127830977351 1.9362525143122389 1.9739727107816074 2.019364208487978 2.074086351205768 2.1287743471974143 2.201424927434251 2.2881696836716037 2.4090865338338627 2.589014171925106 2.926909133434686 3.6537226277372263 5.00359856057577 9.596625766871165 52.03326403326403 
1.9160924820088807 1.941961514587213 1.9744398863994952 2.011735391045736 2.0582236842105264 2.112067510548523 2.166738810492598 2.240644583706356 2.32796949121012 2.4542067071974896 2.639805927644763 2.9802333889021195 3.7161098737936156 5.068448764682057 9.674526478546579 52.03326403326403 
1.9591389432485322 1.9822588309836844 2.01205884717421 2.0496273851445417 2.095445411922304 2.1498024394433948 2.2041391457507706 2.2775502775502776 2.366937771893323 2.4953140578265205 2.6836800343126743 3.035536688902365 3.7892505677517034 5.167871154243238 9.803368585977282 52.03326403326403 
2.000319693094629 2.0232821341956346 2.0524848286042316 2.088799866466366 2.1327652322113337 2.186233403214535 2.2402434658073758 2.3133376467326 2.4035340439834822 2.534994429251494 2.7257678065780877 3.0837851158206013 3.84218606079214 5.230512016718913 9.912079207920792 52.03326403326403 
2.038940936863544 2.060935441370224 2.0889742091645105 2.1244376538494185 2.166363715052367 2.21800779865296 2.2732061762034514 2.348282979921186 2.43795051626729 2.569609856262834 2.762167531177574 3.1288911113889237 3.899657214085385 5.303666030938758 10.015206082432973 52.03326403326403 
2.079946812931106 2.101780315754115 2.1304051753489954 2.1648646310872763 2.2070546737213403 2.2586409168847577 2.3135514882603068 2.3890798014509356 2.4775292021381903 2.6095297674903555 2.808978675645342 3.183413889595523 3.968918490326673 5.402115260090654 10.16159155501421 52.03326403326403 
2.1181448882870684 2.138962481839159 2.1676771176164906 2.201424927434251 2.243858705397167 2.2938319127486024 2.3476221742800862 2.422846079380445 2.5105828067007723 2.6448272218112647 2.8495958100876693 3.227753417590921 4.019916479280437 5.478984238178634 10.291118421052632 52.03326403326403 
2.146299631249464 2.1671140358472596 2.195438596491228 2.22748309006764 2.2680561848663343 2.319555143651529 2.372772089495639 2.449642752275619 2.539109262453079 2.669368600682594 2.878435882691202 3.263528491328726 4.07423083184112 5.55683836589698 10.367854183927092 52.03326403326403 
2.1759693966266735 2.1960164955690096 2.2237227898711684 2.2564010097367473 2.295725554944047 2.3463016780725603 2.399386444252708 2.478756066158265 2.5677644403406177 2.6996009060511272 2.9119255381035485 3.30054068310695 4.11780190852254 5.619218679838347 10.419650291423814 52.03326403326403 
2.2105635046811516 2.2314550641940087 2.2594565315518644 2.291731526416995 2.3290526707612136 2.378183200304067 2.4313192150767438 2.509072681704261 2.597612869745719 2.7293347873500546 2.944470588235294 3.3348434377081944 4.167166167166167 5.686889343331061 10.507136859781696 52.03326403326403 
2.2412465299543296 2.261089529316108 2.287960508273151 2.320415353235676 2.3566854990583805 2.4042267050912582 2.457339224349534 2.5347376949564513 2.6223805532271585 2.756084131703557 2.973859315589354 3.368052751984928 4.209924306139613 5.754886180731202 10.5961049957663 52.03326403326403 
2.272586942704077 2.2915216993224683 2.3174074074074076 2.3487237237237237 2.3847546450690804 2.431555426017682 2.4854021847070507 2.563818889571809 2.652395082662145 2.7861516197261493 3.0103439980755353 3.409809264305177 4.255015300918055 5.8069605568445475 10.636634084147897 52.03326403326403 
2.310348010708022 2.3301368587654783 2.3544684854186264 2.386573853342233 2.4235499176914885 2.471169036334913 2.527314955064122 2.6043704474505724 2.692340791738382 2.8251495654137035 3.0521951219512196 3.4535669932385815 4.303301237964237 5.86135831381733 10.741630901287554 52.03326403326403 
2.337972909855208 2.3575734740015073 2.3804451207913258 2.4114076500626265 2.447726161369193 2.4938222399362298 2.550494242331601 2.6281633938884803 2.714828072459052 2.8495958100876693 3.0818864671838444 3.489195594590827 4.350425864766209 5.9265924698081935 10.820579334198012 52.03326403326403 
2.373897372664327 2.393191814878562 2.414664737095996 2.4446180894705996 2.4799841458581056 2.527825472174528 2.585003098533361 2.659723698193411 2.7458036204059244 2.881418374395579 3.1168119551681195 3.526063679909834 4.397821121068353 5.974695631415612 10.891209747606615 52.03326403326403 
2.406769881719396 2.426134160527336 2.4465298142717495 2.47605856747131 2.5105828067007723 2.5585769781230834 2.6155293134078796 2.688869789428449 2.7750304911852757 2.9136204889406287 3.147780153439819 3.5616906218870072 4.443892045454546 6.042491549975857 10.982009653356736 52.03326403326403 
2.4384255650818396 2.457821859962683 2.478265174769779 2.5055561117228953 2.539366883116883 2.5866060355518807 2.6437097285306854 2.716006511123169 2.8055150767851136 2.942739564961787 3.1777552056881664 3.600115074798619 4.494971264367816 6.123807193540494 11.08414526129318 52.03326403326403 
2.471657120284416 2.491587854654057 2.5136085166214723 2.539366883116883 2.573573264781491 2.620732984293194 2.674503098952768 2.7464062328541643 2.8341071226361683 2.9752734189253447 3.2136620441705186 3.6515903122264373 4.563822027716995 6.227419756158248 11.289129454217411 52.03326403326403 
2.504553187231062 2.5240016135538523 2.5453066205634087 2.568818639022888 2.6024747842362483 2.647065044949762 2.70280777537797 2.7734929078014185 2.8632879533234186 3.0085346796489962 3.252501624431449 3.6958062610750146 4.615157661810806 6.305870496346687 11.428310502283106 52.03326403326403 
2.5401400588653202 2.559361897944575 2.58020618556701 2.6040994693580273 2.6364689771410514 2.6805183677840847 2.7361976604351153 2.8055150767851136 2.8970945711309177 3.0414388139506623 3.2849455309095683 3.7355223880597013 4.672017920477879 6.397750511247444 11.56027713625866 52.03326403326403 
2.5863387413454584 2.605183720204018 2.625406482744152 2.648745899036935 2.6808054841473865 2.7236913701164434 2.77841918294849 2.846678798908098 2.9368692795118516 3.082645646015519 3.329076882149508 3.7858115262441387 4.729402872260015 6.462174025303383 11.630111524163569 52.03326403326403 
2.628715471063964 2.649026248941575 2.668230277185501 2.691761669176167 2.7236913701164434 2.767971687679717 2.8235559566787005 2.887735087112034 2.9784600737831726 3.1195313473762933 3.3666935700834006 3.83159828536436 4.779984721161192 6.516011455350169 11.73921200750469 52.03326403326403 
2.679083707985442 2.698727625620013 2.718366460301944 2.7421934918374054 2.7759538598047917 2.821009918845807 2.8767816091954024 2.9420477254026096 3.030391088509505 3.172920892494929 3.4200601257174092 3.893590541381456 4.848508330104611 6.6124174372523115 11.918095238095239 52.03326403326403 
>rabbit
Count:
10235 9679 9124 8579 8128 7698 7242 6651 5503 4330 3587 2941 2189 1445 582 22 
9672 9185 8670 8179 7765 7370 6940 6367 5178 4073 3446 2831 2102 1380 553 22 
9014 8564 8077 7648 7257 6901 6516 5971 4835 3853 3285 2708 2016 1328 532 22 
8456 8060 7624 7220 6863 6549 6190 5697 4636 3672 3122 2579 1935 1251 482 22 
7979 7627 7224 6836 6488 6202 5878 5446 4462 3519 2969 2456 1859 1196 464 22 
7585 7242 6882 6515 6171 5890 5589 5197 4288 3367 2819 2332 1750 1129 442 22 
7127 6813 6494 6135 5789 5511 5224 4872 4106 3241 2696 2221 1664 1066 427 22 
6798 6495 6190 5843 5499 5222 4935 4601 3939 3136 2595 2138 1609 1020 410 22 
6449 6160 5863 5528 5192 4910 4634 4315 3759 3041 2523 2077 1553 969 386 22 
6128 5839 5545 5224 4921 4619 4354 4055 3586 2966 2445 2017 1502 920 365 22 
5813 5536 5246 4930 4648 4370 4094 3797 3428 2894 2377 1956 1451 883 344 22 
5585 5330 5049 4743 4474 4209 3943 3671 3325 2825 2310 1894 1398 840 315 22 
5374 5118 4848 4558 4297 4055 3801 3547 3220 2752 2243 1840 1358 810 295 22 
5176 4924 4657 4381 4129 3903 3665 3427 3113 2673 2174 1769 1303 764 270 22 
4997 4753 4502 4232 3991 3776 3556 3322 3026 2615 2118 1718 1259 727 248 22 
4831 4596 4344 4085 3856 3657 3455 3220 2935 2556 2070 1674 1221 697 241 22 
4651 4438 4204 3956 3732 3545 3357 3137 2865 2499 2017 1621 1183 661 224 22 
4486 4292 4070 3836 3617 3434 3252 3049 2794 2447 1969 1571 1142 631 206 22 
4319 4134 3929 3712 3499 3320 3145 2948 2706 2374 1908 1503 1081 584 198 22 
4176 3997 3798 3592 3383 3214 3043 2859 2631 2321 1860 1460 1046 550 180 22 
4056 3888 3695 3490 3289 3130 2962 2787 2575 2276 1809 1409 1006 518 164 22 
3944 3781 3588 3388 3199 3050 2884 2717 2505 2217 1757 1365 978 498 153 22 
3821 3659 3477 3287 3108 2964 2803 2652 2452 2171 1719 1328 953 479 146 22 
3715 3570 3392 3211 3041 2900 2746 2598 2404 2142 1687 1298 927 458 143 22 
3612 3467 3297 3121 2961 2826 2681 2539 2343 2097 1644 1265 905 443 140 22 
3505 3364 3198 3029 2874 2754 2616 2475 2294 2064 1617 1243 890 432 134 22 
3396 3262 3108 2946 2805 2700 2566 2433 2252 2024 1590 1218 866 413 127 22 
Average length:
1.6997557401074743 1.7973964252505423 1.9067295046032442 2.0278587247930995 2.140378937007874 2.259937646141855 2.4022369511184753 2.6156968876860622 3.161366527348719 4.017782909930716 4.850013939224979 5.915334920095206 7.947464595705802 12.039446366782007 29.891752577319586 790.7727272727273 
1.798697270471464 1.894066412629287 2.006574394463668 2.127032644577577 2.240437862202189 2.3605156037991857 2.5067723342939483 2.7323700329825664 3.3597914252607186 4.271298796955561 5.04846198491004 6.145178382197104 8.27640342530923 12.606521739130434 31.459312839059674 790.7727272727273 
1.929997781229199 2.0314105558150395 2.1538937724402625 2.274712343096234 2.3972715998346423 2.5209389943486453 2.6698895027624308 2.913582314520181 3.5981385729058943 4.515182974305736 5.295890410958904 6.424298375184638 8.629464285714286 13.100150602409638 32.70112781954887 790.7727272727273 
2.0573557237464524 2.1584367245657567 2.281873032528856 2.409556786703601 2.534897275244062 2.6564360971140633 2.8105008077544427 3.0537124802527646 3.7525884383088868 4.737745098039215 5.572389493914158 6.74563784412563 8.990697674418605 13.906474820143885 36.093360995850624 790.7727272727273 
2.1803484145882943 2.2809754818408288 2.4082225913621262 2.5449093036863664 2.681411837237978 2.805062882940987 2.9596801633208574 3.194454645611458 3.8989242492155984 4.943734015345268 5.8595486695857195 7.083469055374593 9.358257127487896 14.54598662207358 37.49353448275862 790.7727272727273 
2.293605800922874 2.4022369511184753 2.527898866608544 2.6702993092862624 2.8191541079241613 2.9536502546689305 3.112721417069243 3.347508177794882 4.057136194029851 5.166914166914167 6.171337353671515 7.460120068610634 9.941142857142857 15.409211691762621 39.35972850678733 790.7727272727273 
2.4409990178195593 2.5535006605019817 2.678934400985525 2.8356968215158926 3.0051822421834515 3.156777354382145 3.3302067381316998 3.5708128078817736 4.236970287384316 5.367787719839556 6.452893175074184 7.832958126969833 10.454927884615385 16.319887429643526 40.7423887587822 790.7727272727273 
2.559135039717564 2.6785219399538107 2.8105008077544427 2.9774088653089166 3.1636661211129296 3.3314821907315206 3.5252279635258357 3.781134535970441 4.4166031987814165 5.547512755102041 6.704046242774567 8.137043966323667 10.81230577998757 17.055882352941175 42.43170731707317 790.7727272727273 
2.6976275391533573 2.8241883116883115 2.967252259935187 3.147069464544139 3.350731895223421 3.5431771894093687 3.754208027621925 4.031749710312862 4.6280925778132485 5.720815521210128 6.895362663495838 8.376023110255176 11.202189311010947 17.953560371517028 45.0699481865285 790.7727272727273 
2.838936031331593 2.979448535708169 3.1374211000901715 3.3302067381316998 3.535257061572851 3.7663996536046764 3.995636196600827 4.290258939580765 4.851366424986057 5.865475387727579 7.115337423312884 8.625185919682696 11.582556591211718 18.909782608695654 47.66301369863014 790.7727272727273 
2.9927748150696716 3.142521676300578 3.316240945482272 3.5288032454361056 3.7429001721170394 3.9810068649885584 4.249389350268686 4.58177508559389 5.074970828471412 6.011402902557014 7.3188893563315105 8.894171779141104 11.989662301860786 19.70215175537939 50.57267441860465 790.7727272727273 
3.1149507609668756 3.2639774859287054 3.445632798573975 3.667931688804554 3.8884666964684844 4.133285816108339 4.412122749175754 4.739035685099428 5.232180451127819 6.158230088495575 7.531168831168831 9.18532206969377 12.444206008583691 20.710714285714285 55.22857142857143 790.7727272727273 
3.2372534425009305 3.399179366940211 3.588490099009901 3.8168056164984643 4.048638585059344 4.290258939580765 4.5769534333070245 4.9047082041161545 5.4027950310559 6.321584302325581 7.756130182790905 9.454891304347827 12.810751104565538 21.477777777777778 58.9728813559322 790.7727272727273 
3.3610896445131377 3.5331031681559706 3.7356667382435043 3.971011184661036 4.213368854444175 4.457340507302075 4.746793997271487 5.07645170703239 5.588499839383232 6.508417508417509 8.00229990800368 9.834369700395703 13.351496546431312 22.770942408376964 64.43333333333334 790.7727272727273 
3.4814888933360018 3.6602146013044394 3.8642825410928476 4.110822306238186 4.359057880230519 4.607256355932203 4.8922947131608545 5.236905478627333 5.749173826834104 6.652772466539197 8.213881019830028 10.126309662398137 13.818109610802225 23.929848693259974 70.1491935483871 790.7727272727273 
3.601117780997723 3.785248041775457 4.004834254143646 4.2587515299877605 4.511670124481328 4.757178014766202 5.035311143270622 5.4027950310559 5.927427597955707 6.806338028169014 8.404347826086957 10.39247311827957 14.248157248157248 24.959827833572454 72.18672199170125 790.7727272727273 
3.740485917007095 3.9200090130689498 4.138201712654615 4.397623862487361 4.661575562700965 4.907475317348378 5.18230563002681 5.545744341727765 6.0722513089005234 6.961584633853541 8.625185919682696 10.732264034546576 14.705832628909551 26.319213313161875 77.66517857142857 790.7727272727273 
3.8780650913954524 4.053355079217148 4.274447174447174 4.5351929092805 4.809787116394802 5.066103669190449 5.349630996309963 5.705805182026894 6.22655690765927 7.109521863506334 8.835449466734383 11.073838319541693 15.233800350262698 27.570522979397783 84.45145631067962 790.7727272727273 
4.028015744385274 4.2082728592162555 4.427844235174344 4.686691810344827 4.971991997713633 5.240060240963856 5.531637519872814 5.901289009497964 6.429046563192904 7.328138163437237 9.117924528301886 11.574850299401197 16.093432007400555 29.789383561643834 87.86363636363636 790.7727272727273 
4.165948275862069 4.352514385789342 4.580568720379147 4.84326280623608 5.142477091339048 5.412881144990666 5.717055537298719 6.0849947534102835 6.612314709236032 7.49547608789315 9.353225806451613 11.915753424657535 16.631931166347993 31.630909090909093 96.65 790.7727272727273 
4.289201183431953 4.474537037037037 4.708254397834912 4.984813753581662 5.2894496807540285 5.55814696485623 5.87339635381499 6.242195909580194 6.7561165048543685 7.643673110720562 9.616915422885572 12.347054648687012 17.293240556660038 33.584942084942085 106.07926829268293 790.7727272727273 
4.411004056795131 4.601163713303359 4.84866220735786 5.134887839433294 5.43826195686152 5.703934426229508 6.032246879334258 6.403018034596982 6.944910179640718 7.847090663058187 9.90153671030165 12.745054945054944 17.788343558282207 34.933734939759034 113.70588235294117 790.7727272727273 
4.552996597749281 4.754577753484559 5.003451251078516 5.292668086400973 5.597490347490347 5.869433198380567 6.20656439529076 6.5599547511312215 7.0950244698205545 8.013357899585445 10.120418848167539 13.100150602409638 18.25498426023085 36.31941544885177 119.15753424657534 790.7727272727273 
4.682907133243607 4.8731092436974786 5.128832547169812 5.417938336966677 5.720815521210128 5.99896551724138 6.335396941005098 6.696304849884527 7.2366888519134775 8.121848739495798 10.312388855957321 13.402927580893683 18.766990291262136 37.98471615720524 121.65734265734265 790.7727272727273 
4.8164451827242525 5.017882895875396 5.276615104640582 5.574174943928228 5.875379939209727 6.156050955414012 6.488996643043641 6.851910200866483 7.425096030729834 8.296137339055795 10.582116788321168 13.752569169960474 19.223204419889502 39.270880361173816 124.26428571428572 790.7727272727273 
4.963480741797432 5.171521997621879 5.4399624765478425 5.743479696269396 6.053235908141962 6.316993464052287 6.650229357798165 7.029090909090909 7.5836965998256325 8.428779069767442 10.758812615955472 13.99597747385358 19.547191011235956 40.270833333333336 129.82835820895522 790.7727272727273 
5.122791519434629 5.3332311465358675 5.597490347490347 5.905295315682281 6.202139037433155 6.443333333333333 6.779812938425565 7.150431565967941 7.725133214920071 8.595355731225297 10.941509433962263 14.283251231527094 20.08891454965358 42.12348668280872 136.98425196850394 790.7727272727273 
>tree_shrew
Count:
10950 10922 10892 10876 10853 10832 10816 10796 10766 10744 10721 10692 10672 10655 10640 10635 
10910 10886 10869 10853 10832 10812 10797 10779 10754 10733 10714 10684 10667 10654 10639 10635 
10885 10868 10852 10832 10814 10798 10783 10766 10746 10727 10706 10681 10667 10654 10639 10635 
10864 10850 10837 10821 10806 10791 10776 10760 10742 10723 10703 10679 10665 10653 10638 10635 
10848 10829 10820 10807 10797 10785 10771 10756 10740 10722 10700 10675 10663 10652 10638 10635 
10835 10816 10808 10796 10787 10775 10762 10747 10733 10715 10694 10671 10659 10649 10638 10635 
10819 10801 10795 10783 10774 10764 10752 10738 10726 10711 10691 10668 10656 10649 10638 10635 
10806 10789 10782 10772 10761 10751 10741 10729 10717 10702 10686 10664 10654 10648 10638 10635 
10788 10776 10768 10759 10747 10738 10730 10719 10709 10696 10683 10663 10654 10648 10637 10635 
10776 10765 10756 10747 10736 10730 10721 10711 10701 10689 10679 10660 10653 10648 10637 10635 
10764 10755 10747 10737 10728 10720 10712 10705 10697 10686 10676 10660 10653 10648 10637 10635 
10751 10744 10738 10730 10723 10715 10706 10701 10693 10682 10672 10658 10651 10646 10637 10635 
10741 10735 10729 10722 10716 10708 10701 10697 10690 10680 10670 10657 10651 10646 10637 10635 
10729 10724 10720 10713 10708 10701 10695 10691 10684 10676 10667 10654 10648 10644 10637 10635 
10720 10716 10712 10705 10701 10693 10688 10685 10681 10673 10666 10653 10648 10644 10637 10635 
10712 10708 10704 10699 10696 10688 10684 10681 10678 10671 10665 10653 10648 10644 10637 10635 
10704 10700 10697 10695 10692 10685 10681 10679 10676 10670 10664 10653 10648 10644 10637 10635 
10693 10689 10685 10683 10681 10678 10674 10671 10669 10664 10660 10652 10647 10643 10637 10635 
10687 10683 10678 10676 10675 10671 10668 10667 10665 10660 10657 10651 10647 10643 10637 10635 
10678 10675 10670 10668 10667 10664 10661 10661 10659 10654 10651 10648 10644 10641 10637 10635 
10675 10672 10668 10666 10665 10662 10660 10660 10657 10652 10649 10646 10643 10641 10637 10635 
10670 10667 10663 10661 10660 10658 10656 10656 10653 10649 10647 10644 10642 10641 10637 10635 
10668 10665 10661 10659 10658 10656 10655 10655 10652 10648 10647 10643 10641 10639 10637 10635 
10662 10660 10656 10654 10654 10652 10651 10651 10649 10646 10645 10643 10641 10639 10637 10635 
10659 10657 10653 10651 10651 10649 10648 10648 10647 10645 10644 10642 10641 10639 10637 10635 
10658 10656 10652 10651 10651 10649 10648 10648 10647 10645 10644 10642 10641 10639 10637 10635 
10658 10656 10652 10651 10651 10649 10648 10648 10647 10645 10644 10642 10641 10639 10637 10635 
Average length:
1.9047488584474885 1.9096319355429408 1.9148916636063165 1.9177087164398676 1.9217727817193402 1.9254985228951256 1.9283468934911243 1.9319192293442016 1.9373026193572358 1.9412695457930007 1.945434194571402 1.950710811821923 1.9543665667166417 1.9574847489441576 1.9602443609022557 1.961165961448049 
1.9117323556370303 1.9159470880029394 1.918943785076824 1.9217727817193402 1.9254985228951256 1.9290603033666296 1.9317402982309901 1.934966137860655 1.939464385344988 1.9432591074256964 1.9467052454732126 1.9521714713590415 1.9552826474172682 1.9576684813215695 1.960428611711627 1.961165961448049 
1.9161231051906293 1.9191203533308796 1.9219498709915224 1.9254985228951256 1.928703532457925 1.9315614002593073 1.934248353890383 1.9373026193572358 1.9409082449283455 1.9443460426960006 1.9481599103306557 1.9527197827918734 1.9552826474172682 1.9576684813215695 1.960428611711627 1.961165961448049 
1.9198269513991164 1.9223041474654379 1.9246101319553381 1.9274558728398485 1.9301314084767722 1.9328143823556667 1.9355048255382332 1.9383828996282528 1.941630981195308 1.9450713419751935 1.9487059702887042 1.953085494896526 1.9556493202062821 1.9578522481929972 1.9606128971611205 1.961165961448049 
1.9226585545722714 1.9260319512420352 1.927634011090573 1.9299528083649486 1.9317402982309901 1.9338896615669912 1.9364033051712932 1.9391037560431388 1.9419925512104284 1.9452527513523596 1.949252336448598 1.9538173302107729 1.9560161305448749 1.9580360495681561 1.9606128971611205 1.961165961448049 
1.9249653899400092 1.9283468934911243 1.9297742413027388 1.9319192293442016 1.9335311022527115 1.9356844547563805 1.9380226723657312 1.9407276449241648 1.9432591074256964 1.9465235650956603 1.950345988404713 1.954549714178615 1.9567501641805047 1.958587660813222 1.9606128971611205 1.961165961448049 
1.927812182271929 1.9310249051013795 1.9320981936081518 1.934248353890383 1.9358641173194728 1.9376625789669268 1.9398251488095237 1.942354255913578 1.9445273168002983 1.9472504901503127 1.9508932747170518 1.9550993625796775 1.9573010510510511 1.958587660813222 1.9606128971611205 1.961165961448049 
1.9301314084767722 1.933172675873575 1.9344277499536264 1.9362235425176384 1.9382027692593624 1.9400055808761976 1.941811749371567 1.9439835958616833 1.9461603060557993 1.9488880583068586 1.9518061014411379 1.9558327081770444 1.9576684813215695 1.958771600300526 1.9606128971611205 1.961165961448049 
1.9333518724508714 1.9355048255382332 1.93694279346211 1.9385630634817361 1.9407276449241648 1.942354255913578 1.943802423112768 1.9457971825730012 1.9476141563171165 1.949981301421092 1.9523542076195826 1.9560161305448749 1.9576684813215695 1.958771600300526 1.9607972172605057 1.961165961448049 
1.9355048255382332 1.9374825824431026 1.9391037560431388 1.9407276449241648 1.9427160953800298 1.943802423112768 1.945434194571402 1.9472504901503127 1.9490701803569759 1.951258302928244 1.953085494896526 1.9565666041275798 1.9578522481929972 1.958771600300526 1.9607972172605057 1.961165961448049 
1.9376625789669268 1.9392840539284053 1.9407276449241648 1.9425351587966844 1.944164802386279 1.945615671641791 1.947068707991038 1.9483418963101355 1.9497990090679629 1.9518061014411379 1.9536343199700261 1.9565666041275798 1.9578522481929972 1.958771600300526 1.9607972172605057 1.961165961448049 
1.9400055808761976 1.9412695457930007 1.942354255913578 1.943802423112768 1.9450713419751935 1.9465235650956603 1.9481599103306557 1.9490701803569759 1.9505283830543345 1.9525369780939899 1.9543665667166417 1.9569337586789266 1.9582198854567647 1.95913958294195 1.9607972172605057 1.961165961448049 
1.941811749371567 1.9428970656730322 1.9439835958616833 1.9452527513523596 1.946341918626353 1.9477960403436683 1.9490701803569759 1.9497990090679629 1.9510757717492984 1.9529026217228465 1.9547328959700094 1.957117387632542 1.9582198854567647 1.95913958294195 1.9607972172605057 1.961165961448049 
1.9439835958616833 1.9448899664304364 1.945615671641791 1.9468869597685055 1.9477960403436683 1.9490701803569759 1.9501636278634875 1.9508932747170518 1.9521714713590415 1.9536343199700261 1.9552826474172682 1.9576684813215695 1.958771600300526 1.9595077038707254 1.9607972172605057 1.961165961448049 
1.945615671641791 1.946341918626353 1.947068707991038 1.9483418963101355 1.9490701803569759 1.9505283830543345 1.951440868263473 1.9519887693027609 1.9527197827918734 1.9541834535744402 1.955465966622914 1.9578522481929972 1.958771600300526 1.9595077038707254 1.9607972172605057 1.961165961448049 
1.947068707991038 1.9477960403436683 1.9485239162929746 1.9494345265912703 1.949981301421092 1.951440868263473 1.9521714713590415 1.9527197827918734 1.9532684023225324 1.954549714178615 1.9556493202062821 1.9578522481929972 1.958771600300526 1.9595077038707254 1.9607972172605057 1.961165961448049 
1.9485239162929746 1.949252336448598 1.9497990090679629 1.9501636278634875 1.950710811821923 1.9519887693027609 1.9527197827918734 1.953085494896526 1.9536343199700261 1.9547328959700094 1.9558327081770444 1.9578522481929972 1.958771600300526 1.9595077038707254 1.9607972172605057 1.961165961448049 
1.9505283830543345 1.951258302928244 1.9519887693027609 1.9523542076195826 1.9527197827918734 1.9532684023225324 1.9540003747423647 1.954549714178615 1.954916112100478 1.9558327081770444 1.9565666041275798 1.9580360495681561 1.9589555743401896 1.9596918162172319 1.9607972172605057 1.961165961448049 
1.9516234677645738 1.9523542076195826 1.9532684023225324 1.9536343199700261 1.9538173302107729 1.954549714178615 1.9550993625796775 1.9552826474172682 1.9556493202062821 1.9565666041275798 1.957117387632542 1.9582198854567647 1.9589555743401896 1.9596918162172319 1.9607972172605057 1.961165961448049 
1.9532684023225324 1.9538173302107729 1.9547328959700094 1.9550993625796775 1.9552826474172682 1.9558327081770444 1.9563830785104588 1.9563830785104588 1.9567501641805047 1.9576684813215695 1.9582198854567647 1.958771600300526 1.9595077038707254 1.9600601447232402 1.9607972172605057 1.961165961448049 
1.9538173302107729 1.9543665667166417 1.9550993625796775 1.955465966622914 1.9556493202062821 1.9561995873194522 1.9565666041275798 1.9565666041275798 1.957117387632542 1.9580360495681561 1.958587660813222 1.95913958294195 1.9596918162172319 1.9600601447232402 1.9607972172605057 1.961165961448049 
1.9547328959700094 1.9552826474172682 1.9560161305448749 1.9563830785104588 1.9565666041275798 1.9569337586789266 1.9573010510510511 1.9573010510510511 1.9578522481929972 1.958587660813222 1.9589555743401896 1.9595077038707254 1.9598759631648186 1.9600601447232402 1.9607972172605057 1.961165961448049 
1.9550993625796775 1.9556493202062821 1.9563830785104588 1.9567501641805047 1.9569337586789266 1.9573010510510511 1.9574847489441576 1.9574847489441576 1.9580360495681561 1.958771600300526 1.9589555743401896 1.9596918162172319 1.9600601447232402 1.960428611711627 1.9607972172605057 1.961165961448049 
1.9561995873194522 1.9565666041275798 1.9573010510510511 1.9576684813215695 1.9576684813215695 1.9580360495681561 1.9582198854567647 1.9582198854567647 1.958587660813222 1.95913958294195 1.9593236261155471 1.9596918162172319 1.9600601447232402 1.960428611711627 1.9607972172605057 1.961165961448049 
1.9567501641805047 1.957117387632542 1.9578522481929972 1.9582198854567647 1.9582198854567647 1.958587660813222 1.958771600300526 1.958771600300526 1.9589555743401896 1.9593236261155471 1.9595077038707254 1.9598759631648186 1.9600601447232402 1.960428611711627 1.9607972172605057 1.961165961448049 
1.9569337586789266 1.9573010510510511 1.9580360495681561 1.9582198854567647 1.9582198854567647 1.958587660813222 1.958771600300526 1.958771600300526 1.9589555743401896 1.9593236261155471 1.9595077038707254 1.9598759631648186 1.9600601447232402 1.960428611711627 1.9607972172605057 1.961165961448049 
1.9569337586789266 1.9573010510510511 1.9580360495681561 1.9582198854567647 1.9582198854567647 1.958587660813222 1.958771600300526 1.958771600300526 1.9589555743401896 1.9593236261155471 1.9595077038707254 1.9598759631648186 1.9600601447232402 1.960428611711627 1.9607972172605057 1.961165961448049 
