>opossum
Count:
19281 19091 18843 18543 18209 17806 17384 16946 16464 15774 14619 12760 10842 7855 3364 31 
18737 18562 18323 18031 17714 17324 16919 16499 16045 15389 14290 12442 10551 7639 3221 25 
18132 17944 17697 17412 17058 16633 16225 15812 15344 14682 13603 11793 10007 7352 3101 21 
17490 17280 17028 16728 16360 15949 15543 15126 14667 14062 13088 11348 9584 6988 2877 18 
16857 16643 16375 16079 15707 15304 14908 14517 14072 13488 12587 10907 9189 6703 2722 15 
16327 16124 15866 15568 15206 14838 14457 14080 13660 13097 12242 10621 8962 6527 2626 14 
15827 15633 15394 15090 14753 14379 14029 13677 13287 12763 11945 10365 8772 6359 2537 14 
15378 15182 14955 14659 14337 13987 13637 13305 12943 12431 11621 10092 8541 6174 2457 14 
14996 14805 14578 14300 13986 13652 13320 13010 12655 12161 11364 9854 8358 6029 2384 11 
14545 14362 14157 13893 13600 13293 12993 12695 12351 11862 11074 9589 8130 5853 2304 11 
14119 13953 13765 13520 13223 12942 12655 12378 12050 11568 10793 9338 7921 5674 2219 11 
13769 13621 13438 13203 12912 12644 12377 12107 11775 11299 10531 9094 7709 5485 2122 10 
13398 13265 13084 12862 12597 12344 12082 11824 11502 11017 10263 8878 7504 5317 2060 10 
13053 12931 12762 12555 12299 12055 11814 11563 11242 10759 10026 8666 7335 5164 1994 9 
12753 12635 12482 12282 12044 11817 11579 11339 11032 10549 9812 8473 7156 5025 1923 9 
12397 12289 12143 11961 11752 11543 11318 11094 10787 10305 9579 8276 6979 4866 1856 9 
12081 11985 11844 11678 11478 11283 11073 10853 10541 10053 9333 8056 6775 4683 1786 9 
11775 11685 11552 11395 11207 11031 10830 10618 10299 9811 9111 7862 6612 4557 1745 9 
11496 11414 11292 11144 10966 10802 10607 10403 10077 9589 8886 7659 6425 4407 1693 9 
11228 11145 11030 10897 10725 10570 10369 10169 9847 9360 8661 7479 6271 4261 1639 9 
11001 10925 10812 10681 10519 10367 10172 9970 9653 9175 8482 7315 6131 4144 1591 9 
10727 10660 10563 10443 10296 10146 9950 9739 9426 8949 8262 7125 5983 4031 1558 9 
10485 10424 10337 10225 10087 9940 9744 9535 9215 8736 8057 6944 5827 3916 1522 9 
10270 10212 10130 10027 9900 9757 9565 9355 9033 8547 7868 6766 5673 3803 1479 9 
10055 10001 9923 9826 9709 9575 9394 9180 8862 8381 7707 6636 5559 3708 1453 9 
9843 9797 9728 9638 9528 9404 9225 9013 8703 8223 7559 6507 5461 3636 1431 9 
9646 9600 9535 9451 9345 9227 9050 8835 8519 8045 7391 6372 5349 3559 1402 9 
Average length:
1.1750427882371246 1.1867372060133048 1.2023563126890622 1.2218087688076362 1.2442198912625624 1.2723800965966527 1.3032673722963646 1.3369526731972148 1.3760932944606414 1.4362875618105744 1.549764005745947 1.7755485893416927 2.089651355838406 2.8842775302355186 6.734839476813318 730.8387096774194 
1.2091583497891871 1.2205581295119061 1.2364787425639907 1.2565026898119904 1.278988370780174 1.3077811129069499 1.3390862344110173 1.3731741317655615 1.4120286693674042 1.4722204171811033 1.5854443666899931 1.8209291110753898 2.147284617571794 2.965833224244011 7.0338404222291215 906.24 
1.2495036399735275 1.2625947391885868 1.2802169859298187 1.301171605789111 1.3281744635947943 1.3621114651596224 1.3963636363636365 1.4328358208955223 1.4765380604796663 1.5431140171638742 1.6655149599353083 1.9211396591198169 2.2640151893674427 3.0816104461371054 7.306030312802322 1078.857142857143 
1.295368782161235 1.3111111111111111 1.3305144467935166 1.3543758967001436 1.384841075794621 1.4205279327857545 1.4576336614553176 1.497818326061087 1.5446921660871344 1.6111506186886644 1.7310513447432763 1.9964751498061333 2.363939899833055 3.2421293646250717 7.874869655891554 1258.6666666666667 
1.3440113899270332 1.361293036111278 1.3835725190839694 1.4090428509235648 1.4424142102247406 1.4803972817564035 1.5197209551918434 1.5606530274850177 1.6100056850483229 1.6797153024911031 1.7999523317708748 2.0771981296415145 2.465556643813255 3.3799791138296285 8.32329169728141 1510.4 
1.3876401053469714 1.4051103944430663 1.427959157947813 1.4552929085303186 1.489938182296462 1.5268904164981802 1.567130109981324 1.6090909090909091 1.6585651537335286 1.729861800412308 1.850677993791864 2.1331324734017514 2.528007141263111 3.471119963229661 8.627570449352628 1618.2857142857142 
1.4314778542996145 1.4492419881020917 1.4717422372352864 1.5013916500994036 1.5356876567477802 1.5756311287293971 1.614940480433388 1.65650361921474 1.705125310453827 1.775131238736974 1.896693177061532 2.1858176555716353 2.582763337893297 3.562824343450228 8.930232558139535 1618.2857142857142 
1.4732735076082715 1.4922935054670003 1.5149448345035106 1.5455351661095573 1.5802469135802468 1.6197898048187602 1.6613624697514116 1.7028184892897407 1.750444255582168 1.8225404231357092 1.9495740469839085 2.2449464922711058 2.652616789603091 3.6695821185617103 9.22100122100122 1618.2857142857142 
1.5108028807682048 1.5302938196555218 1.554122650569351 1.5843356643356643 1.6199056199056199 1.6595370641664224 1.7009009009009008 1.7414296694850115 1.7902805215329909 1.8630046871145465 1.993664202745512 2.299167850619038 2.7106963388370424 3.7578371205838446 9.503355704697986 2059.6363636363635 
1.5576486765211413 1.577496170449798 1.6003390548845093 1.6307492982077305 1.6658823529411764 1.704355675919657 1.7437081505425998 1.784639621898385 1.8343453971338353 1.9099645928174 2.0458732165432543 2.3627072687454374 2.7867158671586716 3.8708354689902613 9.833333333333334 2059.6363636363635 
1.6046462214037822 1.6237368307890776 1.6459135488557937 1.6757396449704143 1.7133782046434243 1.7505795085767268 1.7902805215329909 1.8303441589917595 1.8801659751037345 1.95850622406639 2.0991383303993327 2.4262154636967233 2.8602449185708876 3.9929502996122666 10.210004506534474 2059.6363636363635 
1.6454353983586316 1.6633140004404963 1.6859651733888972 1.7159736423540104 1.754646840148699 1.791838025941158 1.830492041690232 1.8713141158007764 1.9240764331210192 2.005133197628109 2.1513626436235875 2.4913129535957776 2.9389025813983656 4.130537830446673 10.676720075400565 2265.6 
1.6909986565158979 1.7079532604598568 1.7315805564047693 1.761467889908257 1.7985234579661824 1.8353856124432923 1.8751862274457871 1.916102841677943 1.9697443922796036 2.0564582009621493 2.207541654486992 2.551926109484118 3.0191897654584223 4.26104946398345 10.998058252427185 2265.6 
1.73569294415077 1.7520686721831258 1.775270333803479 1.8045400238948626 1.8421009838198228 1.8793861468270427 1.9177247333671914 1.9593531090547436 2.015299768724426 2.105771911887722 2.2597247157390785 2.6143549503807986 3.088752556237219 4.387296669248644 11.36208625877633 2517.3333333333335 
1.7765231710185838 1.7931143648595171 1.815093734978369 1.8446507083536883 1.8811026237130521 1.9172378776339172 1.9566456516106745 1.9980597936325954 2.0536620739666427 2.1476917243340603 2.3090093762739503 2.6739053463944296 3.166014533258804 4.50865671641791 11.781591263650546 2517.3333333333335 
1.8275389207066226 1.8435999674505656 1.8657662851025283 1.8941560070228243 1.9278420694349898 1.962747985792255 2.0017670966601875 2.0421849648458625 2.1003059237971633 2.1985443959243085 2.3651738177262764 2.737554374093765 3.2463103596503795 4.655980271270037 12.206896551724139 2517.3333333333335 
1.875341445244599 1.8903629536921152 1.9128672745694022 1.9400582291488269 1.9738630423418715 2.007976601967562 2.0460579788675157 2.0875334009029762 2.149321696233754 2.2536556251865116 2.427515268402443 2.8123138033763655 3.344059040590406 4.837924407431134 12.685330347144458 2517.3333333333335 
1.9240764331210192 1.9388960205391528 1.9612188365650969 1.9882404563405003 2.0215936468278755 2.0538482458525973 2.09196675900277 2.13373516669806 2.199825225750073 2.3092447253083273 2.4866644715179453 2.8817094886797254 3.426497277676951 4.971691902567478 12.983381088825215 2517.3333333333335 
1.9707724425887265 1.9849307867531103 2.0063761955366632 2.033022254127782 2.066022250592741 2.097389372338456 2.1359479588950694 2.177833317312314 2.248288181006252 2.3627072687454374 2.549628629304524 2.9580885233059147 3.526225680933852 5.140912185159973 13.382161842882457 2517.3333333333335 
2.0178126113288206 2.0328398384925976 2.0540344514959203 2.079104340644214 2.1124475524475526 2.1434247871333962 2.184974443051403 2.2279476841380665 2.300802274804509 2.4205128205128204 2.6158642189123658 3.0292819895707983 3.6128209217030776 5.317061722600329 13.823062843197071 2517.3333333333335 
2.059449140987183 2.0737757437070936 2.095449500554939 2.1211497050837935 2.1538169027474097 2.1853959679753063 2.2272906016515925 2.272417251755266 2.3470423702475913 2.4693188010899183 2.6710681443055884 3.0971975393028024 3.6953188713097376 5.467181467181467 14.240100565681962 2517.3333333333335 
2.1120536962804137 2.125328330206379 2.1448452144277192 2.169491525423729 2.2004662004662006 2.232998225901833 2.2769849246231155 2.3263168703152273 2.403564608529599 2.531679517264499 2.7421931735657226 3.1797894736842105 3.7867290656861106 5.620441577772265 14.541720154043645 2517.3333333333335 
2.160801144492132 2.1734458940905603 2.191738415400987 2.215745721271394 2.2460592842272233 2.2792756539235413 2.3251231527093594 2.376088096486628 2.4586001085187195 2.5934065934065935 2.81196475114807 3.262672811059908 3.8881070876952117 5.785495403472932 14.885676741130093 2517.3333333333335 
2.20603700097371 2.218566392479436 2.2365251727541953 2.259499351750274 2.2884848484848486 2.3220252126678282 2.3686356508102455 2.4218065205772312 2.508136831617403 2.6507546507546507 2.8795119471276056 3.348507242092817 3.993654151242729 5.957402051012359 15.318458417849898 2517.3333333333335 
2.2532073595226256 2.2653734626537347 2.2831804897712384 2.305719519641767 2.333504995365125 2.3661618798955613 2.4117521822439856 2.4679738562091504 2.5565335138794856 2.7032573678558642 2.93966523939276 3.4141048824593128 4.075553157042633 6.110032362459547 15.592567102546456 2517.3333333333335 
2.3017372752209693 2.3125446565275083 2.3289473684210527 2.350695164971986 2.3778337531486144 2.4091875797532967 2.4559349593495936 2.513702429823588 2.603240261978628 2.7551988325428676 2.997221854742691 3.4817888427846935 4.148690715986083 6.231023102310231 15.832285115303984 2517.3333333333335 
2.348745594028613 2.36 2.376088096486628 2.397206644799492 2.4243980738362763 2.455402622737618 2.503425414364641 2.564346349745331 2.659467073600188 2.8161591050341825 3.0653497496955757 3.5555555555555554 4.235558048233314 6.365833099185164 16.159771754636235 2517.3333333333335 
>human
Count:
33587 32469 31238 29702 27789 25683 23574 21564 19605 17701 15746 13689 11173 7733 2432 43 
30954 29951 28826 27394 25661 23780 21908 20081 18276 16523 14718 12765 10438 7225 2221 32 
28540 27624 26579 25310 23752 22062 20388 18744 17191 15627 13945 12100 9892 6821 2053 28 
26503 25669 24694 23623 22256 20735 19238 17710 16274 14841 13259 11484 9388 6441 1889 27 
24768 24014 23150 22178 20925 19549 18198 16756 15401 14069 12548 10824 8797 5983 1730 26 
23116 22476 21703 20816 19727 18508 17293 15960 14697 13413 11970 10273 8296 5569 1565 26 
21805 21258 20562 19779 18790 17679 16553 15325 14113 12893 11512 9871 7950 5275 1459 25 
20720 20219 19610 18891 17979 16959 15912 14757 13589 12404 11070 9472 7593 4972 1342 24 
19633 19182 18645 18008 17192 16265 15293 14206 13091 11973 10696 9133 7321 4729 1261 24 
18662 18251 17752 17163 16398 15559 14640 13621 12568 11528 10328 8823 7054 4515 1208 24 
17827 17461 17024 16486 15771 14970 14098 13098 12086 11106 9943 8500 6755 4278 1153 24 
17074 16745 16345 15859 15189 14446 13626 12654 11658 10711 9606 8202 6493 4070 1100 24 
16431 16119 15742 15295 14675 13985 13182 12264 11312 10366 9296 7931 6254 3895 1045 24 
15841 15544 15208 14783 14207 13542 12779 11895 10966 10043 9010 7696 6051 3755 1011 24 
15277 15004 14682 14281 13747 13109 12379 11528 10640 9738 8761 7478 5855 3630 983 24 
14752 14481 14185 13816 13320 12724 12032 11199 10349 9473 8511 7263 5672 3482 946 24 
14246 13993 13711 13385 12917 12350 11715 10900 10064 9220 8285 7075 5513 3362 919 24 
13735 13503 13238 12916 12477 11957 11364 10574 9764 8948 8044 6873 5345 3245 896 24 
13219 13003 12756 12459 12061 11584 11029 10280 9476 8691 7824 6682 5179 3129 872 24 
12795 12592 12362 12083 11714 11268 10747 10028 9263 8497 7662 6542 5063 3051 851 24 
12261 12066 11837 11573 11231 10805 10338 9685 8984 8249 7438 6348 4904 2947 830 24 
11832 11648 11433 11184 10865 10468 10036 9411 8746 8027 7227 6173 4757 2851 812 24 
11512 11336 11130 10900 10587 10214 9799 9190 8555 7861 7093 6067 4666 2798 796 24 
11168 11004 10819 10603 10309 9957 9570 8988 8366 7687 6942 5937 4567 2735 790 24 
10881 10729 10562 10363 10079 9749 9375 8814 8211 7559 6831 5854 4504 2683 780 24 
10577 10446 10292 10104 9832 9512 9148 8604 8016 7391 6679 5720 4392 2611 764 24 
10291 10176 10033 9850 9584 9275 8915 8386 7811 7207 6522 5594 4278 2541 746 24 
Average length:
1.7981957304909637 1.8601127229049248 1.9334144311415584 2.033398424348529 2.1733779553060564 2.3515944399018807 2.56197505726648 2.800779076238175 3.0806426931905126 3.4120106208688776 3.8356407976628986 4.412009642778874 5.4055311912646555 7.810164231216863 24.83388157894737 1404.5581395348838 
1.9511533242876526 2.0164936062234986 2.0951918406993686 2.204716361246988 2.353610537391372 2.5397813288477713 2.756801168522914 3.0076191424729846 3.304661851608667 3.6552684137263207 4.103546677537709 4.731374853113984 5.786165932170914 8.359307958477508 27.193156235929763 1887.375 
2.116187806587246 2.186359687228497 2.2723202528311823 2.3862504938759383 2.5427753452340855 2.7375577916779985 2.9623307828134195 3.2221510883482716 3.5132336687801757 3.864849299289691 4.331014700609537 4.991404958677686 6.105539830165791 8.854420172995162 29.418412079883097 2157.0 
2.2788363581481343 2.352877011180802 2.445776301935693 2.5566608813444525 2.7136951833213514 2.9127562093079336 3.1394115812454517 3.410276679841897 3.7111957723976894 4.06953709318779 4.55509465268874 5.25914315569488 6.433319130805283 9.376804843968328 31.972472207517203 2236.8888888888887 
2.438468992248062 2.515032897476472 2.6088984881209503 2.7232392460997383 2.8863082437275986 3.089467491943322 3.3188262446422683 3.604440200525185 3.9215635348354003 4.292842419503874 4.813197322282435 5.5798226164079825 6.865522337160396 10.094601370549892 34.91098265895954 2322.923076923077 
2.612735767433812 2.6871329418045917 2.7828410818780815 2.901421983089931 3.061590713235667 3.263237518910741 3.4925114208061063 3.7842105263157895 4.109410083690549 4.5027957951241335 5.045614035087719 5.879100554852526 7.2801350048216005 10.845035015263063 38.591693290734824 2322.923076923077 
2.769823434991974 2.8410951171323737 2.937262912168077 3.053541635067496 3.214262905800958 3.4162565755981675 3.648643750377575 3.941011419249592 4.27945865514065 4.684402388893198 5.246351633078527 6.118529024414953 7.596981132075472 11.449478672985782 41.39547635366689 2415.84 
2.9148648648648647 2.98709134972056 3.0798572157062725 3.1970779736382404 3.359252461204739 3.5612948876702637 3.795625942684766 4.092701768652165 4.444477150636544 4.8690744920993225 5.455826558265582 6.376266891891892 7.954168312919794 12.14722445695897 45.00447093889717 2516.5 
3.0762491723119236 3.14857679074132 3.239259855189059 3.3538427365615284 3.513029315960912 3.7132493083307714 3.949257830379912 4.251443052231451 4.613551294782675 5.0443497870207965 5.646596858638744 6.612942078178036 8.249692664936484 12.771410446183125 47.89532117367169 2516.5 
3.2363090772693175 3.3091885376143773 3.4022082018927446 3.518965215871351 3.6831320892791806 3.8817404717526833 4.1254098360655735 4.434035680199692 4.805537873965627 5.239070090215129 5.847792408985283 6.845290717443047 8.56195066628863 13.376744186046512 49.996688741721854 2516.5 
3.3878947663656254 3.458908424488861 3.5476973684210527 3.6634720368797766 3.829560585885486 4.034468937875752 4.284011916583912 4.61108566193312 4.997186827734569 5.438141545110751 6.0742230715075936 7.105411764705883 8.940932642487047 14.11781206171108 52.381613183000866 2516.5 
3.537308187888017 3.6068080023887727 3.6950749464668093 3.808310738381991 3.9762986371716376 4.1808112972449125 4.432408630559225 4.772878141299194 5.180648481729285 5.638689198020726 6.287320424734541 7.36356986100951 9.301709533343601 14.83931203931204 54.905454545454546 2516.5 
3.675734891363885 3.746882560952913 3.83661542370728 3.948741418764302 4.11557069846678 4.318627100464783 4.581702321347292 4.924657534246576 5.339108910891089 5.826355392629751 6.496987951807229 7.615180935569285 9.657179405180685 15.506033376123234 57.79521531100478 2516.5 
3.8126380910296067 3.8854863612969637 3.971330878485008 4.085503619021849 4.251143802350954 4.459902525476296 4.726191407778386 5.077427490542244 5.507568849170163 6.013740914069501 6.703218645948946 7.847713097713098 9.98116013882003 16.08415446071904 59.73887240356083 2516.5 
3.9533939909668128 4.025326579578779 4.113608500204331 4.22911560815069 4.393394922528552 4.607216416202609 4.878907827772841 5.239070090215129 5.676315789473684 6.202094886013555 6.8937335920557015 8.076491040385129 10.315286080273271 16.63801652892562 61.440488301119025 2516.5 
4.094088937093275 4.170706442925212 4.257737046175538 4.371453387376954 4.534234234234234 4.746620559572461 5.019614361702128 5.392981516206804 5.835926176442168 6.3755937928850415 7.096228410292563 8.315572077653862 10.648095909732017 17.345203905801263 63.84355179704017 2516.5 
4.239505826196827 4.3161580790395195 4.40493034789585 4.512215166230855 4.675698691646668 4.8903643724696355 5.155441741357234 5.540917431192661 6.001192368839428 6.550542299349241 7.289800844900422 8.536537102473499 10.955196807545802 17.96430696014277 65.71926006528835 2516.5 
4.397233345467783 4.472783825816485 4.562320592234476 4.676060699907092 4.840586679490262 5.051099774190851 5.31467793030623 5.711745791564214 6.1855796804588286 6.749664729548503 7.508204873197414 8.787429070274989 11.29953227315248 18.612018489984592 67.40625 2516.5 
4.568878129964445 4.644774282857802 4.734713076199435 4.847580062605346 5.007544979686593 5.213743093922652 5.476108441381812 5.875097276264592 6.373575348248206 6.949257852951329 7.719325153374233 9.038611194253217 11.661710754972002 19.302013422818792 69.26146788990826 2516.5 
4.720281359906213 4.796378653113088 4.885617214043035 4.998427542828768 5.155881850776848 5.359957401490948 5.619800874662697 6.022736338252892 6.520133865918169 7.107920442509121 7.882537196554424 9.232039131763987 11.928895911514912 19.795476892822027 70.97062279670975 2516.5 
4.925862490824565 5.005469915464943 5.102306327616795 5.218698695238918 5.377615528448046 5.589634428505321 5.8421358096343585 6.236035105833763 6.7226179875333925 7.321614741180749 8.119924710943803 9.514177693761814 12.315660685154976 20.494061757719717 72.76626506024097 2516.5 
5.104462474645031 5.185096153846154 5.282602991340855 5.400214592274678 5.558766682006443 5.76958349254872 6.017935432443204 6.4175964297099135 6.90555682597759 7.524106141771521 8.356994603569946 9.783897618661914 12.696237124237966 21.184145913714485 74.37931034482759 2516.5 
5.246351633078527 5.327805222300635 5.426415094339623 5.540917431192661 5.704732218758855 5.913060505188956 6.163486070007144 6.571926006528836 7.059731151373466 7.682991985752449 8.514873819258424 9.95483764628317 12.943849121303042 21.58541815582559 75.87437185929649 2516.5 
5.407951289398281 5.488549618320611 5.5824013309917735 5.696123738564557 5.858570181394898 6.065682434468213 6.310971786833856 6.719626168224299 7.219220655032274 7.856901261870691 8.700086430423509 10.172814552804446 13.22443617254215 22.082632541133457 76.4506329113924 2516.5 
5.550592776399228 5.629229191909777 5.7182351827305435 5.828042072758854 5.992261137017561 6.195096933018771 6.44224 6.852280462899932 7.3554987212276215 7.9899457600211665 8.841458058849364 10.317048172189956 13.409413854351687 22.510622437569886 77.43076923076923 2516.5 
5.71012574454004 5.781734635267088 5.868247182277497 5.977434679334917 6.14279902359642 6.3494533221194285 6.6020988194140795 7.019525801952581 7.5344311377245505 8.171560005411987 9.042671058541698 10.558741258741259 13.751366120218579 23.1313672922252 79.05235602094241 2516.5 
5.868817413273734 5.935141509433962 6.019734874912788 6.131573604060914 6.301752921535893 6.511698113207547 6.774649467190129 7.202003338898163 7.7321725771348095 8.380185930345498 9.26034958601656 10.796567751161959 14.11781206171108 23.768595041322314 80.95978552278821 2516.5 
>chimp
Count:
16878 16456 15981 15392 14669 13767 12863 12036 11152 10167 9103 8023 6688 4832 1701 32 
15727 15347 14880 14328 13651 12850 11996 11218 10411 9508 8528 7480 6221 4443 1463 27 
14667 14310 13887 13394 12773 12031 11264 10574 9844 9038 8104 7075 5851 4100 1251 27 
13773 13435 13054 12622 12064 11406 10690 10022 9338 8568 7662 6640 5446 3729 1022 25 
12998 12695 12359 11960 11442 10820 10174 9547 8882 8157 7264 6265 5080 3365 822 25 
12310 12045 11732 11357 10899 10329 9760 9149 8518 7817 6950 5949 4785 3080 684 25 
11705 11482 11202 10874 10466 9939 9416 8830 8215 7539 6688 5716 4559 2883 590 25 
11227 11023 10787 10478 10065 9577 9081 8501 7898 7225 6411 5447 4320 2677 528 25 
10728 10544 10325 10043 9671 9222 8757 8198 7628 6978 6188 5235 4131 2497 474 25 
10259 10083 9880 9619 9268 8874 8433 7903 7350 6719 5978 5050 3952 2345 436 25 
9902 9752 9557 9299 8960 8581 8157 7650 7107 6503 5787 4873 3777 2193 393 25 
9530 9396 9224 8986 8660 8301 7899 7413 6871 6296 5590 4692 3613 2059 349 25 
9221 9102 8923 8706 8401 8048 7646 7180 6652 6084 5409 4537 3467 1941 332 25 
8913 8801 8629 8421 8127 7783 7402 6957 6443 5879 5221 4377 3317 1836 309 25 
8618 8509 8359 8162 7868 7541 7175 6745 6243 5689 5068 4234 3183 1730 287 25 
8330 8226 8084 7908 7634 7321 6966 6556 6074 5532 4910 4096 3056 1651 266 25 
8092 7991 7857 7700 7431 7143 6796 6410 5937 5396 4777 3972 2956 1560 247 25 
7840 7740 7610 7456 7199 6928 6596 6226 5761 5224 4618 3830 2820 1456 234 25 
7586 7493 7376 7222 6980 6719 6410 6051 5596 5073 4485 3703 2706 1385 222 25 
7353 7270 7160 7020 6806 6562 6259 5916 5477 4957 4376 3607 2623 1324 211 25 
7065 6982 6882 6742 6539 6313 6041 5737 5329 4815 4239 3481 2525 1258 203 25 
6845 6765 6665 6524 6325 6105 5857 5578 5184 4686 4115 3377 2430 1199 190 25 
6671 6601 6504 6367 6177 5964 5724 5457 5070 4579 4028 3294 2355 1149 183 25 
6508 6442 6348 6211 6036 5827 5593 5331 4960 4468 3934 3203 2291 1108 174 25 
6367 6298 6206 6072 5907 5708 5482 5222 4860 4382 3857 3142 2239 1069 169 25 
6203 6140 6046 5924 5760 5565 5354 5105 4745 4278 3762 3062 2171 1025 164 25 
6053 5989 5901 5781 5626 5439 5225 4982 4633 4176 3667 2982 2096 976 160 25 
Average length:
1.5898803175731722 1.63065143412737 1.6791189537575872 1.743373180873181 1.8292998841093462 1.9491537735163798 2.086138536888751 2.2294782319707545 2.4062051649928264 2.639323300875381 2.947819400197737 3.344634176741867 4.01226076555024 5.5533940397351 15.775426219870665 838.5625 
1.706237680422204 1.7484850459373167 1.8033602150537635 1.8728364042434393 1.9657167973042269 2.088249027237354 2.236912304101367 2.392048493492601 2.57746614158102 2.8222549432057216 3.146575984990619 3.587433155080214 4.313454428548465 6.03961287418411 18.341763499658235 993.8518518518518 
1.829549328424354 1.875192173305381 1.9323107942680204 2.0034343736001197 2.1008377045329993 2.230404787631951 2.3822798295454546 2.537734064686968 2.7259244209670865 2.969019694622704 3.3112043435340572 3.792791519434629 4.586224576995385 6.544878048780488 21.450039968025578 993.8518518518518 
1.9483046540332534 1.9973204317082247 2.055615137122721 2.125970527650135 2.2243037135278514 2.352621427318955 2.510196445275959 2.677509479145879 2.873634611265796 3.1318860877684407 3.502218741842861 4.041265060240963 4.927286081527726 7.196031107535532 26.256360078277886 1073.36 
2.0644714571472536 2.1137455691217015 2.171211263047172 2.2436454849498326 2.345219367243489 2.4800369685767096 2.6375073717318656 2.8107258824761705 3.0211664039630715 3.289689836949859 3.6941079295154187 4.283160415003991 5.282283464566929 7.97444279346211 32.64476885644769 1073.36 
2.1798537774167346 2.227812370278124 2.2872485509717015 2.362771858765519 2.462060739517387 2.5979281634233713 2.7493852459016392 2.932998141873429 3.150270016435783 3.432774721760266 3.8610071942446043 4.510674062867709 5.607941483803553 8.712337662337662 39.23099415204678 1073.36 
2.292524562152926 2.337049294547988 2.395465095518657 2.467721169762737 2.5639212688706285 2.6998692021330113 2.8498300764655906 3.0389580973952435 3.26646378575776 3.559358005040456 4.01226076555024 4.694541637508747 5.88593989910068 9.30766562608394 45.48135593220339 1073.36 
2.390130934354681 2.4343645105688108 2.487623991842032 2.5609849207864097 2.6660705414803774 2.801921269708677 2.954960907389054 3.1565698153158452 3.3975690048113445 3.7140484429065745 4.185618468257682 4.926381494400587 6.211574074074074 10.023907358983937 50.821969696969695 1073.36 
2.5013049962714393 2.5449544764795142 2.5989346246973364 2.6719107836303895 2.774687209182091 2.9097809585773153 3.0642914240036543 3.2732373749695047 3.5178290508652332 3.8455144740613356 4.3364576599870714 5.125883476599809 6.495763737593803 10.746495794953944 56.61181434599156 1073.36 
2.6156545472268253 2.6613111177229 2.7159919028340083 2.7896870776588 2.8953388001726372 3.0238900157764257 3.1820230048618523 3.395419460964191 3.6508843537414966 3.9937490698020537 4.488792238206758 5.313663366336634 6.78997975708502 11.443070362473348 61.54587155963303 1073.36 
2.7099575843263985 2.7516406890894176 2.8077848697289944 2.885686632971287 2.9948660714285715 3.127141358815989 3.289689836949859 3.5077124183006534 3.7757140847052204 4.126403198523758 4.63694487644721 5.506669402831931 7.104580354778925 12.236206110351118 68.27989821882952 1073.36 
2.8157397691500523 2.8558961260110687 2.9091500433651345 2.9862007567326954 3.0986143187066975 3.232622575593302 3.3971388783390304 3.619857007958991 3.9053995051666424 4.262071156289708 4.800357781753131 5.719096334185848 7.427068917796845 13.032540067994171 76.88825214899714 1073.36 
2.9100965188157466 2.948143265216436 3.007284545556427 3.082242131863083 3.194143554338769 3.334244532803181 3.509547475804342 3.737325905292479 4.033974744437763 4.410585141354372 4.960990941024219 5.914480934538241 7.739832708393424 13.824832560535807 80.82530120481928 1073.36 
3.010658588578481 3.0489717077604817 3.109746204658709 3.18655741598385 3.3018333948566507 3.447770782474624 3.6252364225884897 3.8571223228403047 4.164830048114233 4.5643816975676135 5.139628423673626 6.130683116289696 8.089840217063612 14.615468409586057 86.84142394822007 1073.36 
3.1137154792295196 3.1536020683981665 3.210192606771145 3.287674589561382 3.4105236400610064 3.5584140034478184 3.73993031358885 3.978354336545589 4.298254044529873 4.716821937071542 5.294790844514601 6.337742087860179 8.430411561420044 15.510982658959538 93.49825783972125 1073.36 
3.2213685474189675 3.262095793824459 3.319396338446314 3.3932726353060194 3.515064186533927 3.665346264171561 3.8521389606660925 4.093044539353264 4.41784655910438 4.850686912509039 5.465173116089613 6.55126953125 8.780759162303665 16.253179890975165 100.8796992481203 1073.36 
3.3161146811665843 3.3580277812539108 3.4152984599719995 3.484935064935065 3.611088682546091 3.756684866302674 3.948499117127722 4.186271450858034 4.519791140306552 4.972942920681986 5.617333054218128 6.755790533736153 9.077807848443843 17.20128205128205 108.63967611336032 1073.36 
3.422704081632653 3.4669250645994834 3.526149802890933 3.598980686695279 3.7274621475204888 3.873267898383372 4.0682231655548815 4.309990362993896 4.657871897240063 5.136676875957121 5.810740580337809 7.006266318537859 9.515602836879433 18.429945054945055 114.67521367521367 1073.36 
3.537305562878988 3.581209128519952 3.638015184381779 3.7155912489615064 3.844412607449857 3.9937490698020537 4.186271450858034 4.434638902660717 4.795210864903503 5.289572245219791 5.983054626532887 7.246556845800702 9.916481892091648 19.374729241877258 120.87387387387388 1073.36 
3.6493948048415614 3.6910591471801926 3.7477653631284915 3.8225071225071225 3.942697619747282 4.089302042060347 4.287266336475476 4.535835023664638 4.899397480372467 5.413354851724834 6.132084095063985 7.439423343498753 10.230270682424704 20.26737160120846 127.17535545023696 1073.36 
3.798159943382873 3.8433113720996848 3.899157221737867 3.9801245921091666 4.103685578834684 4.250594012355457 4.441979804668101 4.67735750392191 5.0354663163820605 5.573001038421599 6.330266572304789 7.70870439528871 10.627326732673268 21.33068362480127 132.1871921182266 1073.36 
3.9202337472607742 3.9665927568366595 4.026106526631658 4.113120784794605 4.2425296442687745 4.395413595413595 4.581526378692163 4.810684833273575 5.176311728395062 5.726419120785318 6.521020656136088 7.946106011252591 11.042798353909465 22.380316930775646 141.23157894736843 1073.36 
4.022485384500075 4.065141645205272 4.125768757687577 4.214543741165384 4.344180022664724 4.4993293091884645 4.687980433263452 4.917353857430823 5.2927021696252465 5.86023149159205 6.661866931479643 8.146326654523376 11.39447983014862 23.354221061792863 146.63387978142077 1073.36 
4.123232944068838 4.165476560074511 4.22715816005041 4.320399291579456 4.445659377070908 4.605114123905955 4.79778294296442 5.033577190020634 5.41008064516129 6.005819158460161 6.821047280122013 8.377770839837652 11.712789175032738 24.21841155234657 154.2183908045977 1073.36 
4.214543741165384 4.26071768815497 4.323880116016758 4.419301712779974 4.542745894701202 4.701121233356693 4.894928858080992 5.138644197625431 5.521399176954732 6.12368781378366 6.9572206378014 8.540420114576703 11.984814649397052 25.10196445275959 158.7810650887574 1073.36 
4.325971304207641 4.370358306188925 4.4383063182269265 4.529709655638082 4.658680555555556 4.821922731356693 5.011953679491969 5.2564152791381 5.655216016859852 6.2725572697522205 7.13290802764487 8.763553233180927 12.360202671579916 26.17951219512195 163.6219512195122 1073.36 
4.433173632909301 4.480547670729671 4.547364853414676 4.641757481404602 4.7696409527195165 4.9336275050560765 5.135693779904306 5.386190285026094 5.791927476796892 6.425766283524904 7.317698391055359 8.998658618376929 12.802480916030534 27.493852459016395 167.7125 1073.36 
>rat
Count:
14491 14245 13978 13716 13430 13095 12751 12293 11678 10966 10194 9454 8187 6296 3607 30 
13739 13518 13297 13057 12810 12510 12187 11738 11148 10441 9694 8972 7806 6025 3384 25 
13106 12903 12694 12470 12232 11929 11606 11170 10634 9953 9231 8525 7435 5754 3181 24 
12498 12306 12108 11894 11677 11412 11095 10677 10169 9494 8773 8055 7045 5491 2950 22 
11963 11786 11591 11383 11177 10927 10611 10229 9736 9067 8376 7698 6763 5310 2820 22 
11485 11327 11143 10945 10759 10525 10212 9858 9382 8753 8084 7423 6512 5145 2686 21 
11048 10904 10733 10547 10384 10175 9885 9550 9080 8485 7843 7191 6296 4982 2559 21 
10642 10514 10350 10169 10009 9813 9540 9214 8747 8172 7557 6926 6077 4814 2409 21 
10268 10156 10008 9842 9686 9487 9224 8913 8444 7873 7285 6673 5850 4653 2269 21 
9929 9819 9673 9521 9378 9168 8919 8618 8149 7593 7024 6434 5628 4478 2125 21 
9572 9470 9337 9188 9056 8859 8603 8293 7850 7299 6769 6188 5433 4355 2004 21 
9257 9152 9033 8883 8760 8567 8321 8018 7581 7048 6528 5955 5234 4195 1886 21 
8954 8852 8740 8612 8476 8303 8065 7770 7351 6823 6314 5756 5049 4066 1803 21 
8666 8565 8459 8334 8197 8031 7788 7495 7076 6575 6082 5524 4828 3878 1606 21 
8429 8329 8221 8093 7960 7803 7573 7286 6862 6379 5898 5347 4660 3727 1446 21 
8201 8106 8005 7882 7746 7598 7380 7107 6695 6222 5762 5217 4548 3646 1384 21 
8007 7912 7810 7689 7559 7420 7198 6930 6515 6062 5612 5082 4437 3568 1326 21 
7812 7719 7620 7500 7375 7244 7028 6767 6362 5926 5491 4973 4342 3499 1275 21 
7616 7533 7440 7325 7205 7080 6868 6601 6210 5795 5364 4865 4245 3416 1223 21 
7412 7335 7248 7139 7020 6896 6685 6425 6047 5639 5228 4742 4141 3339 1170 21 
7226 7148 7067 6956 6844 6717 6522 6269 5906 5508 5114 4649 4064 3278 1119 21 
7032 6962 6882 6770 6664 6548 6362 6112 5749 5366 4980 4521 3947 3170 1001 21 
6866 6797 6718 6606 6505 6385 6206 5967 5622 5255 4876 4436 3875 3115 968 21 
6714 6645 6564 6459 6362 6246 6078 5841 5503 5147 4778 4349 3810 3059 929 21 
6580 6508 6431 6330 6235 6119 5957 5720 5393 5053 4695 4273 3748 3003 896 21 
6430 6362 6287 6186 6091 5979 5818 5589 5281 4959 4611 4200 3692 2952 864 21 
6286 6216 6143 6047 5957 5855 5696 5480 5173 4866 4527 4124 3624 2896 836 21 
Average length:
1.8328617762749293 1.8645138645138646 1.9001287737873802 1.9364246135899679 1.9776619508562918 2.0282550591828943 2.0829738844012233 2.160579191409745 2.274362048295941 2.4220317344519424 2.6054541887384737 2.8093928495874763 3.2441675827531453 4.2185514612452355 7.363459939007486 885.3333333333334 
1.9331829099643352 1.9647876904867585 1.9974430322629164 2.034157922953205 2.0733801717408276 2.123101518784972 2.1793714613932877 2.2627364116544557 2.3824901327592394 2.543817641988315 2.7398390757169384 2.9603209986625054 3.402510889059698 4.408298755186722 7.84869976359338 1062.4 
2.026552723943232 2.058436022630396 2.0923270836615724 2.1299117882919005 2.171353826030085 2.226506832089865 2.2884714802688264 2.377797672336616 2.4976490502162876 2.6685421480960514 2.8772614017982883 3.115542521994135 3.5722932078009415 4.615919360444908 8.34957560515561 1106.6666666666667 
2.125140022403585 2.1582967658052983 2.193591014205484 2.2330586850512866 2.27455682110131 2.3273746933052926 2.3938711131140153 2.4875901470450503 2.6118595732127052 2.7975563513798187 3.027470648580873 3.297330850403476 3.7700496806245565 4.837006009834274 9.003389830508475 1207.2727272727273 
2.2201788848950934 2.2535211267605635 2.291433008368562 2.333304049898972 2.376308490650443 2.430676306396998 2.503062859296956 2.596539251148695 2.7280197206244865 2.9293040697033197 3.170964660936008 3.4502468173551573 3.9272512198728373 5.001883239171375 9.418439716312056 1207.2727272727273 
2.3125816282107095 2.3448397633971925 2.383559185138652 2.4266788487894018 2.4686309136536853 2.5235154394299286 2.600861731296514 2.694258470277947 2.8309528885099127 3.034388209756655 3.2855022266204847 3.5780681665094973 4.078624078624078 5.162293488824101 9.88830975428146 1264.7619047619048 
2.404055032585083 2.4358033749082906 2.4746110127643717 2.5182516355361715 2.5577812018489983 2.6103194103194105 2.6868993424380374 2.781151832460733 2.9251101321585904 3.1302298173246905 3.386459263037103 3.6935057711027675 4.2185514612452355 5.331192292252108 10.379054318093004 1264.7619047619048 
2.4957714715279082 2.526155602054404 2.566183574879227 2.6118595732127052 2.653611749425517 2.706613675736268 2.7840670859538785 2.8825700021706098 3.0364696467360237 3.2501223690651004 3.5146222045785365 3.834825295986139 4.370577587625473 5.517241379310345 11.025321710253218 1264.7619047619048 
2.5866770549279314 2.615202835762111 2.653876898481215 2.6986384881121723 2.7421020028907703 2.799620533361442 2.8794449262792714 2.979916975204757 3.1454287067740405 3.373555188619332 3.645847632120796 3.98021879214746 4.54017094017094 5.708145282613367 11.705597179374173 1264.7619047619048 
2.6749924463692216 2.7049597718708625 2.745787242840897 2.7896229387669362 2.8321603753465556 2.8970331588132634 2.977912322009194 3.081921559526572 3.2592956190943676 3.4979586461214276 3.781321184510251 4.128069630090146 4.719260838663824 5.931219294327825 12.498823529411764 1264.7619047619048 
2.7747597158378605 2.8046462513199577 2.8445967655563886 2.890727035263387 2.932862190812721 2.9980810475222937 3.0872951296059514 3.2027010731942602 3.38343949044586 3.638854637621592 3.9237701285271087 4.2921784098254685 4.88864347505982 6.09873708381171 13.253493013972056 1264.7619047619048 
2.8691800799395053 2.902097902097902 2.940329901472379 2.989980862321288 3.0319634703196345 3.1002684720438896 3.191924047590434 3.312546769768022 3.503495581057908 3.76844494892168 4.068627450980392 4.460117548278757 5.074512800917081 6.33134684147795 14.08271474019088 1264.7619047619048 
2.9662720571811483 3.000451875282422 3.0389016018306636 3.0840687412912215 3.1335535630014157 3.1988437914006984 3.293242405455673 3.4182754182754183 3.6131138620595835 3.892715814157995 4.206525182134938 4.614315496872829 5.26044761338879 6.532218396458436 14.731003882418191 1264.7619047619048 
3.064851142395569 3.100992410974898 3.1398510462229576 3.1869450443964484 3.2402098328656828 3.307184659444652 3.410374935798665 3.543695797198132 3.7535330695308082 4.039543726235742 4.366984544557711 4.808110065170166 5.501242750621375 6.848891181021145 16.537982565379824 1264.7619047619048 
3.1510262190058134 3.188858206267259 3.2307505169687385 3.2818485110589397 3.336683417085427 3.4038190439574523 3.507196619569523 3.6453472412846555 3.8705916642378315 4.163662015989967 4.503221430993557 4.96727136712175 5.6995708154506435 7.1263751006171185 18.367911479944674 1264.7619047619048 
3.238629435434703 3.2765852454971625 3.3179262960649596 3.36970312103527 3.428866511747999 3.4956567517767834 3.5989159891598916 3.737160545940622 3.967139656460045 4.268723882995821 4.609510586601874 5.091048495303815 5.839929639401935 7.2846955567745475 19.190751445086704 1264.7619047619048 
3.3170975396528037 3.356926188068756 3.4007682458386683 3.45428534269736 3.513692287339595 3.579514824797844 3.6899138649624894 3.832611832611833 4.076745970836531 4.3813922797756515 4.732715609408411 5.226288862652499 5.986026594545864 7.443946188340807 20.030165912518854 1264.7619047619048 
3.3998975934459805 3.4408602150537635 3.4855643044619424 3.541333333333333 3.60135593220339 3.6664826062948648 3.7791690381331815 3.924929806413477 4.174787802577805 4.481943975700304 4.837006009834274 5.340840538910115 6.116996775679411 7.590740211488997 20.83137254901961 1264.7619047619048 
3.4873949579831933 3.5258197265365725 3.5698924731182795 3.625938566552901 3.686328938237335 3.751412429378531 3.867210250436808 4.0236327829116805 4.276972624798712 4.583261432269198 4.951528709917971 5.459403905447071 6.2567726737338045 7.775175644028103 21.71708912510221 1264.7619047619048 
3.5833783054506205 3.6209952283571916 3.664459161147903 3.7204090208712706 3.7834757834757835 3.851508120649652 3.9730740463724756 4.133852140077821 4.392260625103357 4.710054974286221 5.080336648814078 5.6010122311261075 6.413909683651292 7.954477388439653 22.700854700854702 1264.7619047619048 
3.675615831718793 3.7157246782316733 3.7583132871090985 3.818286371477861 3.880771478667446 3.95414619621855 4.072370438515793 4.2367203700749725 4.497121571283441 4.822076978939724 5.193586233867814 5.713056571305657 6.535433070866142 8.102501525320317 23.735478105451296 1264.7619047619048 
3.777019340159272 3.8149956908934213 3.8593432141819237 3.9231905465288035 3.985594237695078 4.05620036652413 4.174787802577805 4.345549738219895 4.619933901548095 4.949683190458442 5.333333333333333 5.874806458748065 6.729161388396251 8.378548895899053 26.533466533466534 1264.7619047619048 
3.8683367317215263 3.9076062968956893 3.9535576064304854 4.020587344838026 4.083013066871637 4.159749412685983 4.279729294231389 4.451147980559745 4.72429740305941 5.0542340627973354 5.447087776866284 5.987376014427412 6.854193548387097 8.526484751203853 27.43801652892562 1264.7619047619048 
3.955913017575216 3.99699021820918 4.04631322364412 4.112091655054962 4.174787802577805 4.252321485750881 4.369858506087529 4.547166581064886 4.826458295475195 5.160287546143384 5.55881121808288 6.107151069211313 6.971128608923885 8.682576005230468 28.58988159311087 1264.7619047619048 
4.036474164133739 4.081130915795944 4.12999533509563 4.195892575039495 4.259823576583801 4.3405785259029255 4.4586201107940235 4.643356643356643 4.924902651585389 5.256283396002375 5.6570820021299255 6.21577346126843 7.086446104589114 8.844488844488845 29.642857142857142 1264.7619047619048 
4.130637636080871 4.174787802577805 4.22459042468586 4.293566117038474 4.360531932359218 4.44221441712661 4.565142660708148 4.752191805331902 5.029350501798902 5.3559185319620894 5.760138798525266 6.3238095238095235 7.193932827735645 8.997289972899729 30.74074074074074 1264.7619047619048 
4.225262488068724 4.272844272844273 4.323620380921374 4.392260625103357 4.4586201107940235 4.536293766011956 4.662921348314606 4.846715328467154 5.134351440170114 5.458281956432388 5.867020101612547 6.440349175557711 7.328918322295806 9.171270718232044 31.770334928229666 1264.7619047619048 
>dog
Count:
15574 14940 14138 13251 12210 11141 10174 9277 8499 7929 7447 6901 6014 4464 2366 44 
14554 13925 13110 12239 11237 10246 9359 8509 7821 7323 6897 6383 5543 4115 2161 41 
13598 12996 12215 11401 10461 9568 8728 7937 7274 6824 6454 5981 5202 3849 1972 39 
12665 12118 11407 10640 9780 8963 8187 7465 6873 6459 6137 5686 4934 3646 1846 39 
11793 11284 10612 9876 9129 8388 7658 6990 6440 6076 5789 5359 4633 3419 1720 39 
10921 10434 9818 9158 8482 7813 7171 6549 6032 5721 5466 5052 4353 3227 1614 39 
10222 9779 9210 8611 7990 7387 6800 6210 5722 5437 5200 4814 4136 3058 1520 39 
9582 9183 8660 8133 7547 6977 6429 5880 5420 5148 4916 4549 3896 2871 1434 39 
8969 8620 8153 7681 7117 6593 6073 5559 5137 4884 4664 4316 3689 2698 1329 39 
8448 8116 7684 7263 6752 6258 5770 5292 4905 4646 4428 4097 3501 2552 1228 39 
7926 7619 7222 6826 6338 5879 5439 4994 4643 4396 4186 3861 3300 2396 1125 39 
7480 7200 6826 6452 6018 5600 5187 4765 4431 4203 4000 3672 3123 2256 1054 39 
7062 6788 6441 6104 5714 5324 4926 4536 4234 4017 3816 3506 2977 2154 996 39 
6692 6446 6124 5822 5478 5113 4734 4369 4081 3884 3685 3379 2862 2059 950 39 
6317 6104 5815 5551 5238 4912 4564 4229 3961 3772 3576 3269 2761 1991 906 39 
5984 5786 5516 5267 4996 4698 4379 4070 3830 3651 3460 3160 2671 1905 864 39 
5679 5496 5260 5026 4770 4499 4206 3914 3684 3512 3325 3033 2565 1816 822 39 
5407 5247 5022 4805 4571 4321 4065 3794 3587 3426 3239 2956 2491 1744 778 39 
5142 5000 4794 4604 4401 4168 3925 3675 3478 3324 3133 2854 2421 1673 741 39 
4924 4784 4589 4416 4238 4024 3804 3576 3388 3236 3048 2769 2344 1621 715 39 
4690 4556 4383 4222 4052 3872 3677 3468 3295 3146 2961 2681 2265 1557 688 39 
4500 4378 4229 4075 3923 3763 3584 3390 3224 3081 2896 2624 2213 1527 665 39 
4312 4193 4054 3917 3774 3630 3465 3292 3144 3007 2836 2569 2167 1492 648 39 
4137 4026 3908 3785 3651 3528 3372 3211 3073 2933 2771 2513 2117 1464 634 39 
3986 3889 3780 3666 3545 3436 3284 3131 2998 2860 2704 2452 2069 1422 616 39 
3825 3738 3646 3545 3432 3331 3190 3050 2917 2777 2624 2389 2024 1391 605 39 
3718 3642 3555 3457 3359 3265 3131 2998 2867 2724 2577 2351 1984 1367 596 39 
Average length:
1.5529729035572106 1.618875502008032 1.7107087282501061 1.8252207380575052 1.980835380835381 2.1709002782515037 2.3772360919992135 2.607092810175703 2.8457465584186377 3.0503216042376087 3.2477507721230023 3.5047094623967543 4.021616228799468 5.418010752688172 10.22231614539307 549.6818181818181 
1.6618111859282672 1.7368761220825852 1.8448512585812358 1.97614184165373 2.1523538310937083 2.3605309389029867 2.584250454108345 2.842402162416265 3.0924434215573458 3.302744776730848 3.5067420617659852 3.789127369575435 4.363341151001263 5.877521263669502 11.192040721888015 589.9024390243902 
1.778643918223268 1.8610341643582642 1.9800245599672535 2.1213928602754146 2.312016059650129 2.5278010033444818 2.7710815765352885 3.047247070681618 3.3249931262029144 3.544255568581477 3.7474434459250077 4.043805383715098 4.649365628604383 6.283710054559626 12.264705882352942 620.1538461538462 
1.9096723253059613 1.995873906585245 2.1202770228806873 2.27312030075188 2.4730061349693253 2.6984268660046857 2.954195676071821 3.239919624916276 3.518987341772152 3.7445424988388294 3.941013524523383 4.253605346465002 4.901905147952979 6.633571036752605 13.101841820151678 620.1538461538462 
2.0508776392775374 2.143388869195321 2.279117979645684 2.448967193195626 2.649359185014788 2.8834048640915593 3.158265865761295 3.460085836909871 3.7555900621118012 3.9805793285055957 4.177923648298497 4.513155439447658 5.220375566587524 7.073998245100907 14.061627906976744 620.1538461538462 
2.2146323596740225 2.3179988499137436 2.4634345080464453 2.6409696440270802 2.8514501296863948 3.095609880967618 3.3727513596430065 3.6930829134218963 4.009615384615385 4.227582590456214 4.424807903402854 4.787410926365796 5.556168159889731 7.494886891850015 14.985130111524164 620.1538461538462 
2.366073175503815 2.473259024440127 2.626058631921824 2.808733015909883 3.0270337922403003 3.27413022878029 3.556764705882353 3.8946859903381643 4.226843760922755 4.448409049107964 4.651153846153846 5.024096385542169 5.847678916827853 7.909090909090909 15.911842105263158 620.1538461538462 
2.5241077019411398 2.633779810519438 2.7928406466512703 2.9738104020656584 3.204717106134888 3.4665328937938944 3.7620158656089595 4.113265306122449 4.4623616236162365 4.698135198135198 4.919853539462978 5.316772917124643 6.207905544147844 8.424242424242424 16.86610878661088 620.1538461538462 
2.6966216969561825 2.805800464037123 2.9665153931068318 3.1488087488608256 3.398341998032879 3.668436220233581 3.982545694055656 4.350782514840799 4.708195444812147 4.952088452088452 5.185677530017153 5.603799814643188 6.556248305773923 8.964418087472202 18.19864559819413 620.1538461538462 
2.8629261363636362 2.980039428289798 3.1475793857365955 3.3300289136720362 3.5820497630331753 3.864813039309684 4.191681109185442 4.570294784580499 4.9308868501529055 5.205768402927249 5.4620596205962055 5.9033439101781795 6.908311910882605 9.477272727272727 19.69543973941368 620.1538461538462 
3.0514761544284634 3.1744323402021264 3.348933813348103 3.5432171110460007 3.816030293467971 4.113964960027215 4.446773303916161 4.843011613936724 5.209132026706871 5.50181983621474 5.777830864787386 6.264180264180264 7.329090909090909 10.09432387312187 21.498666666666665 620.1538461538462 
3.233422459893048 3.359166666666667 3.5432171110460007 3.7486050836949785 4.0189431704885346 4.318928571428572 4.662810873337189 5.075760755508919 5.458361543669601 5.754461099214846 6.0465 6.586601307189542 7.74447646493756 10.720744680851064 22.946869070208727 620.1538461538462 
3.4248088360237894 3.563052445492045 3.7550069864927806 3.9623197903014415 4.232761638081904 4.54282494365139 4.909866017052376 5.332010582010582 5.712328767123288 6.020911127707244 6.338050314465409 6.898459783228751 8.12428619415519 11.22841225626741 24.283132530120483 620.1538461538462 
3.614166168559474 3.7520943220601923 3.949379490529066 4.1542425283407765 4.415115005476451 4.730295325640524 5.108998732572877 5.535820553902495 5.926488605733889 6.227085478887744 6.56336499321574 7.157738976028411 8.450733752620545 11.746478873239436 25.458947368421054 620.1538461538462 
3.8287161627354758 3.9623197903014415 4.159243336199484 4.357052783282292 4.617411225658648 4.92385993485342 5.299298860648554 5.719082525419721 6.106033829840949 6.411983032873807 6.7634228187919465 7.39859284184766 8.759869612459253 12.147664490205926 26.695364238410598 620.1538461538462 
4.04177807486631 4.180089872105081 4.3846990572878894 4.591987848870325 4.841072858286629 5.148148148148148 5.52317880794702 5.942506142506143 6.3148825065274155 6.6244864420706655 6.9901734104046245 7.653797468354431 9.055035567203294 12.696062992125984 27.993055555555557 620.1538461538462 
4.258848388800845 4.400655021834061 4.59809885931559 4.812176681257461 5.070440251572327 5.3758613025116695 5.750356633380885 6.179356157383751 6.56514657980456 6.886674259681094 7.273984962406015 7.974282888229475 9.42923976608187 13.318281938325992 29.423357664233578 620.1538461538462 
4.473090438320695 4.609491137793024 4.8160095579450415 5.033506763787721 5.291183548457668 5.597315436241611 5.949815498154981 6.374802319451766 6.742681906885977 7.059544658493871 7.4671194813213955 8.182002706359945 9.709353673223605 13.868119266055047 31.087403598971722 620.1538461538462 
4.7036172695449245 4.8372 5.045056320400501 5.253258036490009 5.495569188820722 5.802783109404991 6.16203821656051 6.581224489795918 6.95399654974123 7.276173285198556 7.719757421002234 8.474421864050456 9.990086741016109 14.456664674237896 32.63967611336032 620.1538461538462 
4.911860276198213 5.0556020066889635 5.270429287426454 5.476902173913044 5.706937234544596 6.010437375745527 6.358044164037855 6.7634228187919465 7.138724911452184 7.474042027194066 7.93503937007874 8.734561213434453 10.31825938566553 14.92041949413942 33.826573426573425 620.1538461538462 
5.156929637526653 5.308604038630378 5.51813826146475 5.7285646612979635 5.968904244817374 6.246384297520661 6.577644819146043 6.974048442906574 7.3402124430955995 7.687857596948506 8.168186423505572 9.021260723610594 10.678145695364238 15.533718689788055 35.15406976744186 620.1538461538462 
5.374666666666666 5.5244403837368665 5.719082525419721 5.93521472392638 6.1651797094060665 6.427318628753654 6.748325892857143 7.134513274336284 7.501861042183623 7.850048685491723 8.351519337016574 9.217225609756097 10.929055580659737 15.838899803536346 36.36992481203008 620.1538461538462 
5.60899814471243 5.768185070355354 5.965959546127282 6.1746234363032935 6.408585055643879 6.662809917355372 6.98008658008658 7.346901579586877 7.692748091603053 8.043232457598936 8.528208744710861 9.414558193849746 11.161052145823719 16.210455764075068 37.324074074074076 620.1538461538462 
5.846265409717186 6.007451564828614 6.188843398157625 6.38996036988111 6.6244864420706655 6.855442176870748 7.172597864768683 7.532232949236998 7.8704848682069635 8.246164336856461 8.728256946950559 9.624353362514922 11.424657534246576 16.520491803278688 38.14826498422713 620.1538461538462 
6.067737079779227 6.219079454872718 6.398412698412699 6.597381342062193 6.822566995768688 7.038998835855646 7.364799025578563 7.724688597892047 8.067378252168112 8.456643356643356 8.944526627218934 9.86378466557912 11.689705171580474 17.008438818565402 39.26298701298701 620.1538461538462 
6.323137254901961 6.470304975922954 6.633571036752605 6.822566995768688 7.0472027972027975 7.260882617832483 7.581818181818182 7.92983606557377 8.291395269112101 8.709398631616853 9.217225609756097 10.123901213897028 11.949604743083004 17.387491013659236 39.97685950413223 620.1538461538462 
6.505110274341043 6.640856672158155 6.8033755274261605 6.996239514029505 7.200357249181304 7.407656967840735 7.724688597892047 8.067378252168112 8.435995814440181 8.87885462555066 9.385331781140861 10.287537218205019 12.190524193548388 17.692757863935626 40.580536912751676 620.1538461538462 
